#
# There is insufficient memory for the Java Runtime Environment to continue.
# Native memory allocation (malloc) failed to allocate 32744 bytes for ChunkPool::allocate
# Possible reasons:
#   The system is out of physical RAM or swap space
#   The process is running with CompressedOops enabled, and the Java Heap may be blocking the growth of the native heap
# Possible solutions:
#   Reduce memory load on the system
#   Increase physical memory or swap space
#   Check if swap backing store is full
#   Decrease Java heap size (-Xmx/-Xms)
#   Decrease number of Java threads
#   Decrease Java thread stack sizes (-Xss)
#   Set larger code cache with -XX:ReservedCodeCacheSize=
#   JVM is running with Zero Based Compressed Oops mode in which the Java heap is
#     placed in the first 32GB address space. The Java Heap base address is the
#     maximum limit for the native heap growth. Please use -XX:HeapBaseMinAddress
#     to set the Java Heap base and to place the Java Heap above 32GB virtual address.
# This output file may be truncated or incomplete.
#
#  Out of Memory Error (allocation.cpp:272), pid=10680, tid=0x00000000000024c0
#
# JRE version: Java(TM) SE Runtime Environment (8.0_301-b09) (build 1.8.0_301-b09)
# Java VM: Java HotSpot(TM) 64-Bit Server VM (25.301-b09 mixed mode windows-amd64 compressed oops)
# Failed to write core dump. Minidumps are not enabled by default on client versions of Windows
#

---------------  T H R E A D  ---------------

Current thread (0x00000207eec80800):  JavaThread "C2 CompilerThread0" daemon [_thread_in_native, id=9408, stack(0x0000009bae700000,0x0000009bae800000)]

Stack: [0x0000009bae700000,0x0000009bae800000]
Native frames: (J=compiled Java code, j=interpreted, Vv=VM code, C=native code)
V  [jvm.dll+0x32ed79]
V  [jvm.dll+0x275722]
V  [jvm.dll+0x2763cd]
V  [jvm.dll+0x26ce05]
V  [jvm.dll+0xd59bd]
V  [jvm.dll+0xd5d1c]
V  [jvm.dll+0xd586d]
V  [jvm.dll+0x4c648a]
V  [jvm.dll+0x4c52dc]
V  [jvm.dll+0x461196]
V  [jvm.dll+0x466881]
V  [jvm.dll+0x46c1d3]
V  [jvm.dll+0x461c76]
V  [jvm.dll+0x46883c]
V  [jvm.dll+0x4ceaa7]
V  [jvm.dll+0x4cd0ce]
V  [jvm.dll+0x42cf30]
V  [jvm.dll+0x451d8e]
V  [jvm.dll+0x4d745c]
V  [jvm.dll+0x4cfa0c]
V  [jvm.dll+0x4cf0ab]
V  [jvm.dll+0x4cd38f]
V  [jvm.dll+0x42cf30]
V  [jvm.dll+0x451d8e]
V  [jvm.dll+0x4d745c]
V  [jvm.dll+0x4cfa0c]
V  [jvm.dll+0x4cf0ab]
V  [jvm.dll+0x4cd38f]
V  [jvm.dll+0x42cf30]
V  [jvm.dll+0x451d8e]
V  [jvm.dll+0x4d745c]
V  [jvm.dll+0x4cfa0c]
V  [jvm.dll+0x4cf0ab]
V  [jvm.dll+0x4cd38f]
V  [jvm.dll+0x42cf30]
V  [jvm.dll+0x451d8e]
V  [jvm.dll+0x4d745c]
V  [jvm.dll+0x4cfa0c]
V  [jvm.dll+0x4cf0ab]
V  [jvm.dll+0x4cd38f]
V  [jvm.dll+0x42cf30]
V  [jvm.dll+0x451d8e]
V  [jvm.dll+0x4d745c]
V  [jvm.dll+0x4cfa0c]
V  [jvm.dll+0x4cf0ab]
V  [jvm.dll+0x4cd38f]
V  [jvm.dll+0x42cf30]
V  [jvm.dll+0x451d8e]
V  [jvm.dll+0x4d745c]
V  [jvm.dll+0x4cfa0c]
V  [jvm.dll+0x4cf0ab]
V  [jvm.dll+0x4cd38f]
V  [jvm.dll+0x42cf30]
V  [jvm.dll+0x451d8e]
V  [jvm.dll+0x4d745c]
V  [jvm.dll+0x4cfa0c]
V  [jvm.dll+0x4cf0ab]
V  [jvm.dll+0x4cd38f]
V  [jvm.dll+0x42cf30]
V  [jvm.dll+0x451d8e]
V  [jvm.dll+0x4d745c]
V  [jvm.dll+0x4cfa0c]
V  [jvm.dll+0x4cf0ab]
V  [jvm.dll+0x4cd38f]
V  [jvm.dll+0x42cf30]
V  [jvm.dll+0x451d8e]
V  [jvm.dll+0x4d745c]
V  [jvm.dll+0x4cfa0c]
V  [jvm.dll+0x4cf0ab]
V  [jvm.dll+0x4cd38f]
V  [jvm.dll+0x42cf30]
V  [jvm.dll+0x451d8e]
V  [jvm.dll+0x4d745c]
V  [jvm.dll+0x4cfa0c]
V  [jvm.dll+0x4cf0ab]
V  [jvm.dll+0x4cd38f]
V  [jvm.dll+0x42cf30]
V  [jvm.dll+0x43fc65]
V  [jvm.dll+0x42ae57]
V  [jvm.dll+0xac1bb]
V  [jvm.dll+0xaa81b]
V  [jvm.dll+0x23ddc2]
V  [jvm.dll+0x2923dc]
C  [ucrtbase.dll+0x26c0c]
C  [KERNEL32.DLL+0x155a0]
C  [ntdll.dll+0x485b]


Current CompileTask:
C2: 341442 5829       4       org.springframework.core.ResolvableType::as (86 bytes)


---------------  P R O C E S S  ---------------

Java Threads: ( => current thread )
  0x00000207f43f5800 JavaThread "restartedMain" [_thread_in_vm, id=7800, stack(0x0000009baef00000,0x0000009baf000000)]
  0x00000207f4401000 JavaThread "Thread-6" [_thread_blocked, id=9132, stack(0x0000009badc00000,0x0000009badd00000)]
  0x00000207f43f4000 JavaThread "DestroyJavaVM" [_thread_blocked, id=3912, stack(0x0000009badd00000,0x0000009bade00000)]
  0x00000207eec8d800 JavaThread "Live Reload Server" daemon [_thread_in_native, id=10896, stack(0x0000009baf700000,0x0000009baf800000)]
  0x00000207eec8d000 JavaThread "Catalina-utility-2" [_thread_blocked, id=14164, stack(0x0000009baf300000,0x0000009baf400000)]
  0x00000207eec8c000 JavaThread "Catalina-utility-1" [_thread_blocked, id=2940, stack(0x0000009baf200000,0x0000009baf300000)]
  0x00000207f2cf3800 JavaThread "mysql-cj-abandoned-connection-cleanup" daemon [_thread_blocked, id=12932, stack(0x0000009baee00000,0x0000009baef00000)]
  0x00000207eecfd800 JavaThread "Service Thread" daemon [_thread_blocked, id=13428, stack(0x0000009baea00000,0x0000009baeb00000)]
  0x00000207eec93000 JavaThread "C1 CompilerThread2" daemon [_thread_in_native, id=3708, stack(0x0000009bae900000,0x0000009baea00000)]
  0x00000207eec88800 JavaThread "C2 CompilerThread1" daemon [_thread_in_native, id=8196, stack(0x0000009bae800000,0x0000009bae900000)]
=>0x00000207eec80800 JavaThread "C2 CompilerThread0" daemon [_thread_in_native, id=9408, stack(0x0000009bae700000,0x0000009bae800000)]
  0x00000207eec7e000 JavaThread "Attach Listener" daemon [_thread_blocked, id=5288, stack(0x0000009bae600000,0x0000009bae700000)]
  0x00000207eec7a000 JavaThread "Signal Dispatcher" daemon [_thread_blocked, id=8528, stack(0x0000009bae500000,0x0000009bae600000)]
  0x00000207eec55800 JavaThread "Finalizer" daemon [_thread_blocked, id=5148, stack(0x0000009bae400000,0x0000009bae500000)]
  0x00000207eec4d000 JavaThread "Reference Handler" daemon [_thread_blocked, id=7268, stack(0x0000009bae300000,0x0000009bae400000)]

Other Threads:
  0x00000207eec23000 VMThread [stack: 0x0000009bae200000,0x0000009bae300000] [id=13288]
  0x00000207eed2f000 WatcherThread [stack: 0x0000009baeb00000,0x0000009baec00000] [id=7860]

VM state:synchronizing (normal execution)

VM Mutex/Monitor currently owned by a thread:  ([mutex/lock_event])
[0x00000207d6043c30] Threads_lock - owner thread: 0x00000207eec23000

heap address: 0x0000000702000000, size: 3040 MB, Compressed Oops mode: Zero based, Oop shift amount: 3
Narrow klass base: 0x0000000000000000, Narrow klass shift: 3
Compressed class space size: 1073741824 Address: 0x00000007c0000000

Heap:
 PSYoungGen      total 330752K, used 14035K [0x0000000780b00000, 0x0000000796900000, 0x00000007c0000000)
  eden space 318976K, 4% used [0x0000000780b00000,0x00000007818b4c90,0x0000000794280000)
  from space 11776K, 0% used [0x0000000795d80000,0x0000000795d80000,0x0000000796900000)
  to   space 18944K, 0% used [0x0000000794400000,0x0000000794400000,0x0000000795680000)
 ParOldGen       total 156672K, used 29130K [0x0000000702000000, 0x000000070b900000, 0x0000000780b00000)
  object space 156672K, 18% used [0x0000000702000000,0x0000000703c728b8,0x000000070b900000)
 Metaspace       used 64866K, capacity 68940K, committed 69208K, reserved 1110016K
  class space    used 8832K, capacity 9541K, committed 9600K, reserved 1048576K

Card table byte_map: [0x00000207e6d20000,0x00000207e7320000] byte_map_base: 0x00000207e3510000

Marking Bits: (ParMarkBitMap*) 0x000000005aa47fe0
 Begin Bits: [0x00000207e7720000, 0x00000207ea6a0000)
 End Bits:   [0x00000207ea6a0000, 0x00000207ed620000)

Polling page: 0x00000207d6120000

CodeCache: size=245760Kb used=15539Kb max_used=15753Kb free=230220Kb
 bounds [0x00000207d7960000, 0x00000207d88e0000, 0x00000207e6960000]
 total_blobs=5615 nmethods=5045 adapters=481
 compilation: enabled

Compilation events (10 events):
Event: 341.296 Thread 0x00000207eec93000 nmethod 5863 0x00000207d8431250 code [0x00000207d84313a0, 0x00000207d8431578]
Event: 341.296 Thread 0x00000207eec93000 5864       3       java.util.Spliterators::spliterator (17 bytes)
Event: 341.296 Thread 0x00000207eec93000 nmethod 5864 0x00000207d88c1ad0 code [0x00000207d88c1c60, 0x00000207d88c1fa0]
Event: 341.296 Thread 0x00000207eec93000 5865       3       java.util.Spliterators$IntIteratorSpliterator::<init> (42 bytes)
Event: 341.297 Thread 0x00000207eec93000 nmethod 5865 0x00000207d7dbd310 code [0x00000207d7dbd480, 0x00000207d7dbd6b8]
Event: 341.297 Thread 0x00000207eec93000 5866       3       java.util.Spliterators$IntIteratorSpliterator::estimateSize (5 bytes)
Event: 341.297 Thread 0x00000207eec93000 nmethod 5866 0x00000207d87a7390 code [0x00000207d87a74e0, 0x00000207d87a7638]
Event: 341.297 Thread 0x00000207eec93000 5867       3       org.springframework.boot.context.properties.source.SystemEnvironmentPropertyMapper::isNumber (15 bytes)
Event: 341.298 Thread 0x00000207eec93000 nmethod 5867 0x00000207d7fd1950 code [0x00000207d7fd1be0, 0x00000207d7fd2e40]
Event: 341.298 Thread 0x00000207eec93000 5868       3       java.util.stream.IntPipeline::allMatch (18 bytes)

GC Heap History (10 events):
Event: 7.679 GC heap before
{Heap before GC invocations=10 (full 2):
 PSYoungGen      total 205312K, used 194560K [0x0000000780b00000, 0x0000000791900000, 0x00000007c0000000)
  eden space 194560K, 100% used [0x0000000780b00000,0x000000078c900000,0x000000078c900000)
  from space 10752K, 0% used [0x000000078c900000,0x000000078c900000,0x000000078d380000)
  to   space 13312K, 0% used [0x0000000790c00000,0x0000000790c00000,0x0000000791900000)
 ParOldGen       total 119296K, used 17368K [0x0000000702000000, 0x0000000709480000, 0x0000000780b00000)
  object space 119296K, 14% used [0x0000000702000000,0x00000007030f63c8,0x0000000709480000)
 Metaspace       used 54906K, capacity 58250K, committed 58368K, reserved 1099776K
  class space    used 7512K, capacity 8078K, committed 8192K, reserved 1048576K
Event: 7.704 GC heap after
Heap after GC invocations=10 (full 2):
 PSYoungGen      total 256512K, used 13308K [0x0000000780b00000, 0x0000000794700000, 0x00000007c0000000)
  eden space 243200K, 0% used [0x0000000780b00000,0x0000000780b00000,0x000000078f880000)
  from space 13312K, 99% used [0x0000000790c00000,0x00000007918ff2f8,0x0000000791900000)
  to   space 19968K, 0% used [0x000000078f880000,0x000000078f880000,0x0000000790c00000)
 ParOldGen       total 119296K, used 28037K [0x0000000702000000, 0x0000000709480000, 0x0000000780b00000)
  object space 119296K, 23% used [0x0000000702000000,0x0000000703b61410,0x0000000709480000)
 Metaspace       used 54906K, capacity 58250K, committed 58368K, reserved 1099776K
  class space    used 7512K, capacity 8078K, committed 8192K, reserved 1048576K
}
Event: 7.851 GC heap before
{Heap before GC invocations=11 (full 2):
 PSYoungGen      total 256512K, used 37110K [0x0000000780b00000, 0x0000000794700000, 0x00000007c0000000)
  eden space 243200K, 9% used [0x0000000780b00000,0x000000078223e6c0,0x000000078f880000)
  from space 13312K, 99% used [0x0000000790c00000,0x00000007918ff2f8,0x0000000791900000)
  to   space 19968K, 0% used [0x000000078f880000,0x000000078f880000,0x0000000790c00000)
 ParOldGen       total 119296K, used 28037K [0x0000000702000000, 0x0000000709480000, 0x0000000780b00000)
  object space 119296K, 23% used [0x0000000702000000,0x0000000703b61410,0x0000000709480000)
 Metaspace       used 55638K, capacity 58972K, committed 59096K, reserved 1099776K
  class space    used 7617K, capacity 8185K, committed 8192K, reserved 1048576K
Event: 7.862 GC heap after
Heap after GC invocations=11 (full 2):
 PSYoungGen      total 263168K, used 8971K [0x0000000780b00000, 0x0000000797000000, 0x00000007c0000000)
  eden space 243200K, 0% used [0x0000000780b00000,0x0000000780b00000,0x000000078f880000)
  from space 19968K, 44% used [0x000000078f880000,0x0000000790142f68,0x0000000790c00000)
  to   space 18944K, 0% used [0x0000000795d80000,0x0000000795d80000,0x0000000797000000)
 ParOldGen       total 119296K, used 28037K [0x0000000702000000, 0x0000000709480000, 0x0000000780b00000)
  object space 119296K, 23% used [0x0000000702000000,0x0000000703b61410,0x0000000709480000)
 Metaspace       used 55638K, capacity 58972K, committed 59096K, reserved 1099776K
  class space    used 7617K, capacity 8185K, committed 8192K, reserved 1048576K
}
Event: 7.862 GC heap before
{Heap before GC invocations=12 (full 3):
 PSYoungGen      total 263168K, used 8971K [0x0000000780b00000, 0x0000000797000000, 0x00000007c0000000)
  eden space 243200K, 0% used [0x0000000780b00000,0x0000000780b00000,0x000000078f880000)
  from space 19968K, 44% used [0x000000078f880000,0x0000000790142f68,0x0000000790c00000)
  to   space 18944K, 0% used [0x0000000795d80000,0x0000000795d80000,0x0000000797000000)
 ParOldGen       total 119296K, used 28037K [0x0000000702000000, 0x0000000709480000, 0x0000000780b00000)
  object space 119296K, 23% used [0x0000000702000000,0x0000000703b61410,0x0000000709480000)
 Metaspace       used 55638K, capacity 58972K, committed 59096K, reserved 1099776K
  class space    used 7617K, capacity 8185K, committed 8192K, reserved 1048576K
Event: 8.003 GC heap after
Heap after GC invocations=12 (full 3):
 PSYoungGen      total 263168K, used 0K [0x0000000780b00000, 0x0000000797000000, 0x00000007c0000000)
  eden space 243200K, 0% used [0x0000000780b00000,0x0000000780b00000,0x000000078f880000)
  from space 19968K, 0% used [0x000000078f880000,0x000000078f880000,0x0000000790c00000)
  to   space 18944K, 0% used [0x0000000795d80000,0x0000000795d80000,0x0000000797000000)
 ParOldGen       total 156672K, used 21466K [0x0000000702000000, 0x000000070b900000, 0x0000000780b00000)
  object space 156672K, 13% used [0x0000000702000000,0x00000007034f68d8,0x000000070b900000)
 Metaspace       used 55623K, capacity 58948K, committed 59096K, reserved 1099776K
  class space    used 7615K, capacity 8181K, committed 8192K, reserved 1048576K
}
Event: 340.704 GC heap before
{Heap before GC invocations=13 (full 3):
 PSYoungGen      total 263168K, used 173752K [0x0000000780b00000, 0x0000000797000000, 0x00000007c0000000)
  eden space 243200K, 71% used [0x0000000780b00000,0x000000078b4ae1a8,0x000000078f880000)
  from space 19968K, 0% used [0x000000078f880000,0x000000078f880000,0x0000000790c00000)
  to   space 18944K, 0% used [0x0000000795d80000,0x0000000795d80000,0x0000000797000000)
 ParOldGen       total 156672K, used 21466K [0x0000000702000000, 0x000000070b900000, 0x0000000780b00000)
  object space 156672K, 13% used [0x0000000702000000,0x00000007034f68d8,0x000000070b900000)
 Metaspace       used 64846K, capacity 68944K, committed 69208K, reserved 1110016K
  class space    used 8832K, capacity 9542K, committed 9600K, reserved 1048576K
Event: 340.742 GC heap after
Heap after GC invocations=13 (full 3):
 PSYoungGen      total 330752K, used 11663K [0x0000000780b00000, 0x0000000796900000, 0x00000007c0000000)
  eden space 318976K, 0% used [0x0000000780b00000,0x0000000780b00000,0x0000000794280000)
  from space 11776K, 99% used [0x0000000795d80000,0x00000007968e3db0,0x0000000796900000)
  to   space 18944K, 0% used [0x0000000794400000,0x0000000794400000,0x0000000795680000)
 ParOldGen       total 156672K, used 21474K [0x0000000702000000, 0x000000070b900000, 0x0000000780b00000)
  object space 156672K, 13% used [0x0000000702000000,0x00000007034f88d8,0x000000070b900000)
 Metaspace       used 64846K, capacity 68944K, committed 69208K, reserved 1110016K
  class space    used 8832K, capacity 9542K, committed 9600K, reserved 1048576K
}
Event: 340.742 GC heap before
{Heap before GC invocations=14 (full 4):
 PSYoungGen      total 330752K, used 11663K [0x0000000780b00000, 0x0000000796900000, 0x00000007c0000000)
  eden space 318976K, 0% used [0x0000000780b00000,0x0000000780b00000,0x0000000794280000)
  from space 11776K, 99% used [0x0000000795d80000,0x00000007968e3db0,0x0000000796900000)
  to   space 18944K, 0% used [0x0000000794400000,0x0000000794400000,0x0000000795680000)
 ParOldGen       total 156672K, used 21474K [0x0000000702000000, 0x000000070b900000, 0x0000000780b00000)
  object space 156672K, 13% used [0x0000000702000000,0x00000007034f88d8,0x000000070b900000)
 Metaspace       used 64846K, capacity 68944K, committed 69208K, reserved 1110016K
  class space    used 8832K, capacity 9542K, committed 9600K, reserved 1048576K
Event: 341.208 GC heap after
Heap after GC invocations=14 (full 4):
 PSYoungGen      total 330752K, used 0K [0x0000000780b00000, 0x0000000796900000, 0x00000007c0000000)
  eden space 318976K, 0% used [0x0000000780b00000,0x0000000780b00000,0x0000000794280000)
  from space 11776K, 0% used [0x0000000795d80000,0x0000000795d80000,0x0000000796900000)
  to   space 18944K, 0% used [0x0000000794400000,0x0000000794400000,0x0000000795680000)
 ParOldGen       total 156672K, used 29130K [0x0000000702000000, 0x000000070b900000, 0x0000000780b00000)
  object space 156672K, 18% used [0x0000000702000000,0x0000000703c728b8,0x000000070b900000)
 Metaspace       used 64841K, capacity 68930K, committed 69208K, reserved 1110016K
  class space    used 8830K, capacity 9539K, committed 9600K, reserved 1048576K
}

Deoptimization events (10 events):
Event: 23.259 Thread 0x00000207f43f4800 Uncommon trap: reason=unstable_if action=reinterpret pc=0x00000207d8759fa4 method=java.security.CodeSource.getCertificates()[Ljava/security/cert/Certificate; @ 4
Event: 339.379 Thread 0x00000207eec8e800 Uncommon trap: reason=unstable_if action=reinterpret pc=0x00000207d88bb178 method=java.util.AbstractCollection.containsAll(Ljava/util/Collection;)Z @ 28
Event: 339.814 Thread 0x00000207eec8e800 Uncommon trap: reason=unstable_if action=reinterpret pc=0x00000207d8386bf0 method=org.springframework.boot.devtools.filewatch.FileSnapshot.equals(Ljava/lang/Object;)Z @ 93
Event: 341.249 Thread 0x00000207f43f5800 Uncommon trap: reason=unstable_if action=reinterpret pc=0x00000207d88c4bb8 method=ch.qos.logback.classic.LoggerContext.getTurboFilterChainDecision_0_3OrMore(Lorg/slf4j/Marker;Lch/qos/logback/classic/Logger;Lch/qos/logback/classic/Level;Ljava/lang/String;[
Event: 341.276 Thread 0x00000207f43f5800 Uncommon trap: reason=unstable_if action=reinterpret pc=0x00000207d8805550 method=ch.qos.logback.classic.LoggerContext.getTurboFilterChainDecision_0_3OrMore(Lorg/slf4j/Marker;Lch/qos/logback/classic/Logger;Lch/qos/logback/classic/Level;Ljava/lang/String;[
Event: 341.285 Thread 0x00000207f43f5800 Uncommon trap: reason=bimorphic action=maybe_recompile pc=0x00000207d7bcf5d0 method=java.util.regex.Pattern$CharProperty.match(Ljava/util/regex/Matcher;ILjava/lang/CharSequence;)Z @ 37
Event: 341.285 Thread 0x00000207f43f5800 Uncommon trap: reason=bimorphic action=maybe_recompile pc=0x00000207d7bcf5d0 method=java.util.regex.Pattern$CharProperty.match(Ljava/util/regex/Matcher;ILjava/lang/CharSequence;)Z @ 37
Event: 341.285 Thread 0x00000207f43f5800 Uncommon trap: reason=bimorphic action=maybe_recompile pc=0x00000207d7bcf5d0 method=java.util.regex.Pattern$CharProperty.match(Ljava/util/regex/Matcher;ILjava/lang/CharSequence;)Z @ 37
Event: 341.287 Thread 0x00000207f43f5800 Uncommon trap: reason=range_check action=make_not_entrant pc=0x00000207d80862b0 method=java.lang.String.charAt(I)C @ 27
Event: 341.287 Thread 0x00000207f43f5800 Uncommon trap: reason=bimorphic action=maybe_recompile pc=0x00000207d7bcf5d0 method=java.util.regex.Pattern$CharProperty.match(Ljava/util/regex/Matcher;ILjava/lang/CharSequence;)Z @ 37

Classes redefined (0 events):
No events

Internal exceptions (10 events):
Event: 8.064 Thread 0x00000207f060c800 Exception <a 'java/lang/ClassNotFoundException': org/springframework/beans/factory/AwareCustomizer> (0x000000078106e380) thrown at [C:\jenkins\workspace\8-2-build-windows-amd64-cygwin\jdk8u301\1513\hotspot\src\share\vm\classfile\systemDictionary.cpp, line
Event: 8.064 Thread 0x00000207f060c800 Exception <a 'java/lang/ClassNotFoundException': org/springframework/web/context/ServletContextAwareCustomizer> (0x00000007810867f0) thrown at [C:\jenkins\workspace\8-2-build-windows-amd64-cygwin\jdk8u301\1513\hotspot\src\share\vm\classfile\systemDictiona
Event: 8.065 Thread 0x00000207f060c800 Exception <a 'java/lang/ClassNotFoundException': org/springframework/beans/factory/AwareCustomizer> (0x000000078109cc68) thrown at [C:\jenkins\workspace\8-2-build-windows-amd64-cygwin\jdk8u301\1513\hotspot\src\share\vm\classfile\systemDictionary.cpp, line
Event: 8.368 Thread 0x00000207f060c800 Exception <a 'java/lang/IncompatibleClassChangeError': Found class java.lang.Object, but interface was expected> (0x00000007822ef238) thrown at [C:\jenkins\workspace\8-2-build-windows-amd64-cygwin\jdk8u301\1513\hotspot\src\share\vm\interpreter\linkResolve
Event: 8.427 Thread 0x00000207f060c800 Exception <a 'java/lang/NoSuchMethodError': java.lang.Object.lambda$byAnnotation$0(Lorg/springframework/core/annotation/MergedAnnotations$SearchStrategy;Ljava/lang/Class;Ljava/lang/Class;)Z> (0x00000007826d6488) thrown at [C:\jenkins\workspace\8-2-build-w
Event: 15.189 Thread 0x00000207eec8f000 Exception <a 'java/lang/NoSuchMethodError': java.lang.Object.lambda$mapIfAllPresent$6(Ljava/util/Optional;Ljava/util/function/BiFunction;Ljava/lang/Object;)Ljava/util/Optional;> (0x000000078583a0d0) thrown at [C:\jenkins\workspace\8-2-build-windows-amd64-
Event: 15.189 Thread 0x00000207eec8f000 Exception <a 'java/lang/NoSuchMethodError': java.lang.Object.lambda$null$5(Ljava/util/function/BiFunction;Ljava/lang/Object;Ljava/lang/Object;)Ljava/lang/Object;> (0x000000078583ebe0) thrown at [C:\jenkins\workspace\8-2-build-windows-amd64-cygwin\jdk8u301
Event: 15.242 Thread 0x00000207eec8f000 Exception <a 'java/lang/NoSuchMethodError': java.lang.Object.lambda$static$0(Lorg/hibernate/type/EntityType;Ljava/lang/Object;Lorg/hibernate/engine/spi/SharedSessionContractImplementor;Ljava/lang/Object;Ljava/lang/Boolean;)Ljava/lang/Object;> (0x000000078
Event: 340.594 Thread 0x00000207eec90000 Exception <a 'java/lang/InterruptedException': sleep interrupted> (0x000000078b1e8c80) thrown at [C:\jenkins\workspace\8-2-build-windows-amd64-cygwin\jdk8u301\1513\hotspot\src\share\vm\prims\jvm.cpp, line 3357]
Event: 341.250 Thread 0x00000207f43f5800 Exception <a 'java/io/FileNotFoundException'> (0x0000000781421cf8) thrown at [C:\jenkins\workspace\8-2-build-windows-amd64-cygwin\jdk8u301\1513\hotspot\src\share\vm\prims\jni.cpp, line 710]

Events (10 events):
Event: 341.285 Thread 0x00000207f43f5800 DEOPT UNPACKING pc=0x00000207d79a5843 sp=0x0000009baeffd788 mode 2
Event: 341.285 Thread 0x00000207f43f5800 Uncommon trap: trap_request=0xffffffc6 fr.pc=0x00000207d7bcf5d0
Event: 341.285 Thread 0x00000207f43f5800 DEOPT PACKING pc=0x00000207d7bcf5d0 sp=0x0000009baeffd7f0
Event: 341.285 Thread 0x00000207f43f5800 DEOPT UNPACKING pc=0x00000207d79a5843 sp=0x0000009baeffd788 mode 2
Event: 341.287 Thread 0x00000207f43f5800 Uncommon trap: trap_request=0xffffffe4 fr.pc=0x00000207d80862b0
Event: 341.287 Thread 0x00000207f43f5800 DEOPT PACKING pc=0x00000207d80862b0 sp=0x0000009baeffd720
Event: 341.287 Thread 0x00000207f43f5800 DEOPT UNPACKING pc=0x00000207d79a5843 sp=0x0000009baeffd640 mode 2
Event: 341.287 Thread 0x00000207f43f5800 Uncommon trap: trap_request=0xffffffc6 fr.pc=0x00000207d7bcf5d0
Event: 341.287 Thread 0x00000207f43f5800 DEOPT PACKING pc=0x00000207d7bcf5d0 sp=0x0000009baeffd7f0
Event: 341.288 Thread 0x00000207f43f5800 DEOPT UNPACKING pc=0x00000207d79a5843 sp=0x0000009baeffd788 mode 2


Dynamic libraries:
0x00007ff740fb0000 - 0x00007ff740ff7000 	C:\Program Files\Java\jdk1.8.0_301\bin\java.exe
0x00007ffb382a0000 - 0x00007ffb384a9000 	C:\WINDOWS\SYSTEM32\ntdll.dll
0x00007ffb187a0000 - 0x00007ffb187b9000 	C:\Program Files\Avast Software\Avast\aswhook.dll
0x00007ffb36d80000 - 0x00007ffb36e3e000 	C:\WINDOWS\System32\KERNEL32.DLL
0x00007ffb35770000 - 0x00007ffb35aec000 	C:\WINDOWS\System32\KERNELBASE.dll
0x00007ffb38030000 - 0x00007ffb380de000 	C:\WINDOWS\System32\ADVAPI32.dll
0x00007ffb36c60000 - 0x00007ffb36d03000 	C:\WINDOWS\System32\msvcrt.dll
0x00007ffb37160000 - 0x00007ffb371fe000 	C:\WINDOWS\System32\sechost.dll
0x00007ffb380e0000 - 0x00007ffb38200000 	C:\WINDOWS\System32\RPCRT4.dll
0x00007ffb372c0000 - 0x00007ffb3746d000 	C:\WINDOWS\System32\USER32.dll
0x00007ffb35f10000 - 0x00007ffb35f36000 	C:\WINDOWS\System32\win32u.dll
0x00007ffb36590000 - 0x00007ffb365b9000 	C:\WINDOWS\System32\GDI32.dll
0x00007ffb35f40000 - 0x00007ffb36058000 	C:\WINDOWS\System32\gdi32full.dll
0x00007ffb35af0000 - 0x00007ffb35b8d000 	C:\WINDOWS\System32\msvcp_win.dll
0x00007ffb35df0000 - 0x00007ffb35f01000 	C:\WINDOWS\System32\ucrtbase.dll
0x00007ffb14b90000 - 0x00007ffb14e35000 	C:\WINDOWS\WinSxS\amd64_microsoft.windows.common-controls_6595b64144ccf1df_6.0.22000.120_none_9d947278b86cc467\COMCTL32.dll
0x00007ffb38220000 - 0x00007ffb38251000 	C:\WINDOWS\System32\IMM32.DLL
0x00007ffb31d70000 - 0x00007ffb31d85000 	C:\Program Files\Java\jdk1.8.0_301\jre\bin\vcruntime140.dll
0x00007ffae9f20000 - 0x00007ffae9fbb000 	C:\Program Files\Java\jdk1.8.0_301\jre\bin\msvcp140.dll
0x000000005a260000 - 0x000000005aac0000 	C:\Program Files\Java\jdk1.8.0_301\jre\bin\server\jvm.dll
0x00007ffb36fe0000 - 0x00007ffb36fe8000 	C:\WINDOWS\System32\PSAPI.DLL
0x00007ffb1bc50000 - 0x00007ffb1bc59000 	C:\WINDOWS\SYSTEM32\WSOCK32.dll
0x00007ffb00320000 - 0x00007ffb00353000 	C:\WINDOWS\SYSTEM32\WINMM.dll
0x00007ffb37470000 - 0x00007ffb374df000 	C:\WINDOWS\System32\WS2_32.dll
0x00007ffb2fb00000 - 0x00007ffb2fb0a000 	C:\WINDOWS\SYSTEM32\VERSION.dll
0x00007ffb347f0000 - 0x00007ffb34808000 	C:\WINDOWS\SYSTEM32\kernel.appcore.dll
0x00007ffb311a0000 - 0x00007ffb311b0000 	C:\Program Files\Java\jdk1.8.0_301\jre\bin\verify.dll
0x00007ffb1e400000 - 0x00007ffb1e42b000 	C:\Program Files\Java\jdk1.8.0_301\jre\bin\java.dll
0x00007ffb1e3e0000 - 0x00007ffb1e3f8000 	C:\Program Files\Java\jdk1.8.0_301\jre\bin\zip.dll
0x00007ffb377f0000 - 0x00007ffb37fb5000 	C:\WINDOWS\System32\SHELL32.dll
0x00007ffb33760000 - 0x00007ffb33fc5000 	C:\WINDOWS\SYSTEM32\windows.storage.dll
0x00007ffb368c0000 - 0x00007ffb36c36000 	C:\WINDOWS\System32\combase.dll
0x00007ffb335f0000 - 0x00007ffb33756000 	C:\WINDOWS\SYSTEM32\wintypes.dll
0x00007ffb37700000 - 0x00007ffb377ea000 	C:\WINDOWS\System32\SHCORE.dll
0x00007ffb374f0000 - 0x00007ffb3754d000 	C:\WINDOWS\System32\shlwapi.dll
0x00007ffb356a0000 - 0x00007ffb356c1000 	C:\WINDOWS\SYSTEM32\profapi.dll
0x00007ffb1e3d0000 - 0x00007ffb1e3dd000 	C:\Program Files\Java\jdk1.8.0_301\jre\bin\management.dll
0x00007ffb1e330000 - 0x00007ffb1e34c000 	C:\Program Files\Java\jdk1.8.0_301\jre\bin\net.dll
0x00007ffb34d80000 - 0x00007ffb34de7000 	C:\WINDOWS\system32\mswsock.dll
0x00007ffafe0f0000 - 0x00007ffafe107000 	C:\WINDOWS\system32\napinsp.dll
0x00007ffafff40000 - 0x00007ffafff5b000 	C:\WINDOWS\system32\pnrpnsp.dll
0x00007ffb34390000 - 0x00007ffb34478000 	C:\WINDOWS\SYSTEM32\DNSAPI.dll
0x00007ffb34320000 - 0x00007ffb3434d000 	C:\WINDOWS\SYSTEM32\IPHLPAPI.DLL
0x00007ffb37200000 - 0x00007ffb37209000 	C:\WINDOWS\System32\NSI.dll
0x00007ffafff20000 - 0x00007ffafff32000 	C:\WINDOWS\System32\winrnr.dll
0x00007ffafff60000 - 0x00007ffafff75000 	C:\WINDOWS\system32\wshbth.dll
0x00007ffafe110000 - 0x00007ffafe12f000 	C:\WINDOWS\system32\nlansp_c.dll
0x00007ffb2bd70000 - 0x00007ffb2bd7a000 	C:\Windows\System32\rasadhlp.dll
0x00007ffb2bdd0000 - 0x00007ffb2be51000 	C:\WINDOWS\System32\fwpuclnt.dll
0x00007ffb1e310000 - 0x00007ffb1e323000 	C:\Program Files\Java\jdk1.8.0_301\jre\bin\nio.dll
0x00007ffb34fc0000 - 0x00007ffb34fd8000 	C:\WINDOWS\SYSTEM32\CRYPTSP.dll
0x00007ffb34750000 - 0x00007ffb34785000 	C:\WINDOWS\system32\rsaenh.dll
0x00007ffb34e70000 - 0x00007ffb34e99000 	C:\WINDOWS\SYSTEM32\USERENV.dll
0x00007ffb35150000 - 0x00007ffb35177000 	C:\WINDOWS\SYSTEM32\bcrypt.dll
0x00007ffb35c00000 - 0x00007ffb35c7f000 	C:\WINDOWS\System32\bcryptprimitives.dll
0x00007ffb34fe0000 - 0x00007ffb34fec000 	C:\WINDOWS\SYSTEM32\CRYPTBASE.dll
0x00007ffb2ea60000 - 0x00007ffb2ea79000 	C:\WINDOWS\SYSTEM32\dhcpcsvc6.DLL
0x00007ffb2fcc0000 - 0x00007ffb2fcde000 	C:\WINDOWS\SYSTEM32\dhcpcsvc.DLL
0x00007ffb14a00000 - 0x00007ffb14a24000 	C:\Program Files\Java\jdk1.8.0_301\jre\bin\sunec.dll
0x00007ffb18690000 - 0x00007ffb1869d000 	C:\Program Files\Java\jdk1.8.0_301\jre\bin\sunmscapi.dll
0x00007ffb35c80000 - 0x00007ffb35de2000 	C:\WINDOWS\System32\CRYPT32.dll
0x00007ffb35120000 - 0x00007ffb35148000 	C:\WINDOWS\SYSTEM32\ncrypt.dll
0x00007ffb350e0000 - 0x00007ffb35117000 	C:\WINDOWS\SYSTEM32\NTASN1.dll
0x00007ffb33220000 - 0x00007ffb33441000 	C:\WINDOWS\SYSTEM32\dbghelp.dll

VM Arguments:
java_command: com.portfolio.mgb.MgbApplication
java_class_path (initial): C:\PROYECTOS DE PROGRAMACION\Argentina Programa\Proyecto Final\ProInt_Villavicencio\ProInt_Villavicencio\BACKEND\target\classes;C:\Users\navil\.m2\repository\org\springframework\boot\spring-boot-starter-data-jpa\2.7.7\spring-boot-starter-data-jpa-2.7.7.jar;C:\Users\navil\.m2\repository\org\springframework\boot\spring-boot-starter-aop\2.7.7\spring-boot-starter-aop-2.7.7.jar;C:\Users\navil\.m2\repository\org\aspectj\aspectjweaver\1.9.7\aspectjweaver-1.9.7.jar;C:\Users\navil\.m2\repository\org\springframework\boot\spring-boot-starter-jdbc\2.7.7\spring-boot-starter-jdbc-2.7.7.jar;C:\Users\navil\.m2\repository\com\zaxxer\HikariCP\4.0.3\HikariCP-4.0.3.jar;C:\Users\navil\.m2\repository\org\springframework\spring-jdbc\5.3.24\spring-jdbc-5.3.24.jar;C:\Users\navil\.m2\repository\jakarta\transaction\jakarta.transaction-api\1.3.3\jakarta.transaction-api-1.3.3.jar;C:\Users\navil\.m2\repository\jakarta\persistence\jakarta.persistence-api\2.2.3\jakarta.persistence-api-2.2.3.jar;C:\Users\navil\.m2\repository\org\hibernate\hibernate-core\5.6.14.Final\hibernate-core-5.6.14.Final.jar;C:\Users\navil\.m2\repository\net\bytebuddy\byte-buddy\1.12.20\byte-buddy-1.12.20.jar;C:\Users\navil\.m2\repository\antlr\antlr\2.7.7\antlr-2.7.7.jar;C:\Users\navil\.m2\repository\org\jboss\jandex\2.4.2.Final\jandex-2.4.2.Final.jar;C:\Users\navil\.m2\repository\org\hibernate\common\hibernate-commons-annotations\5.1.2.Final\hibernate-commons-annotations-5.1.2.Final.jar;C:\Users\navil\.m2\repository\org\glassfish\jaxb\jaxb-runtime\2.3.7\jaxb-runtime-2.3.7.jar;C:\Users\navil\.m2\repository\org\glassfish\jaxb\txw2\2.3.7\txw2-2.3.7.jar;C:\Users\navil\.m2\repository\com\sun\istack\istack-commons-runtime\3.0.12\istack-commons-runtime-3.0.12.jar;C:\Users\navil\.m2\repository\com\sun\activation\jakarta.activation\1.2.2\jakarta.activation-1.2.2.jar;C:\Users\navil\.m2\repository\org\springframework\data\spring-data-jpa\2.7.6\spring-data-jpa-2.7.6.jar;C:\Users\navil\.m2\repository\org\spr
Launcher Type: SUN_STANDARD

Environment Variables:
JAVA_HOME=C:\Program Files\Java\jdk1.8.0_301
PATH=C:\WINDOWS\system32;%JAVA_HOME%\bin;C:\Program Files\Apache Software Foundation\Tomcat 10.0\bin;C:\WINDOWS\system32;C:\WINDOWS;C:\WINDOWS\System32\Wbem;C:\WINDOWS\System32\WindowsPowerShell\v1.0\;C:\Program Files\Git\cmd;C:\Program Files\dotnet\;C:\Program Files\nodejs;C:\Users\navil\AppData\Local\Programs\Python\Python39\Scripts\;C:\Users\navil\AppData\Local\Programs\Python\Python39\;C:\Users\navil\AppData\Local\Microsoft\WindowsApps;C:\Users\navil\AppData\Roaming\npm;C:\Program Files\Azure Data Studio\bin;C:\Users\navil\AppData\Local\GitHubDesktop\bin;C:\Users\navil\AppData\Local\Programs\Microsoft VS Code\bin;C:\Users\navil\.dotnet\tools
USERNAME=navil
OS=Windows_NT
PROCESSOR_IDENTIFIER=Intel64 Family 6 Model 142 Stepping 10, GenuineIntel



---------------  S Y S T E M  ---------------

OS: Windows 10.0 , 64 bit Build 22000 (10.0.22000.1516)

CPU:total 4 (initial active 4) (2 cores per cpu, 2 threads per core) family 6 model 142 stepping 10, cmov, cx8, fxsr, mmx, sse, sse2, sse3, ssse3, sse4.1, sse4.2, popcnt, avx, avx2, aes, clmul, erms, 3dnowpref, lzcnt, ht, tsc, tscinvbit, bmi1, bmi2, adx

Memory: 4k page, physical 12448676k(2783508k free), swap 12448676k(499220k free)

vm_info: Java HotSpot(TM) 64-Bit Server VM (25.301-b09) for windows-amd64 JRE (1.8.0_301-b09), built on Jun  9 2021 06:46:21 by "java_re" with MS VC++ 15.9 (VS2017)

time: Sat Mar 25 18:40:51 2023
timezone: Hora estándar de Argentina
elapsed time: 341.451575 seconds (0d 0h 5m 41s)

