#
# There is insufficient memory for the Java Runtime Environment to continue.
# Native memory allocation (malloc) failed to allocate 1474416 bytes for Chunk::new
# Possible reasons:
#   The system is out of physical RAM or swap space
#   The process is running with CompressedOops enabled, and the Java Heap may be blocking the growth of the native heap
# Possible solutions:
#   Reduce memory load on the system
#   Increase physical memory or swap space
#   Check if swap backing store is full
#   Decrease Java heap size (-Xmx/-Xms)
#   Decrease number of Java threads
#   Decrease Java thread stack sizes (-Xss)
#   Set larger code cache with -XX:ReservedCodeCacheSize=
#   JVM is running with Zero Based Compressed Oops mode in which the Java heap is
#     placed in the first 32GB address space. The Java Heap base address is the
#     maximum limit for the native heap growth. Please use -XX:HeapBaseMinAddress
#     to set the Java Heap base and to place the Java Heap above 32GB virtual address.
# This output file may be truncated or incomplete.
#
#  Out of Memory Error (allocation.cpp:389), pid=7216, tid=0x00000000000027d8
#
# JRE version: Java(TM) SE Runtime Environment (8.0_301-b09) (build 1.8.0_301-b09)
# Java VM: Java HotSpot(TM) 64-Bit Server VM (25.301-b09 mixed mode windows-amd64 compressed oops)
# Failed to write core dump. Minidumps are not enabled by default on client versions of Windows
#

---------------  T H R E A D  ---------------

Current thread (0x00000201d879e000):  JavaThread "C2 CompilerThread0" daemon [_thread_in_native, id=10200, stack(0x000000c4f2700000,0x000000c4f2800000)]

Stack: [0x000000c4f2700000,0x000000c4f2800000]
Native frames: (J=compiled Java code, j=interpreted, Vv=VM code, C=native code)
V  [jvm.dll+0x32ed79]
V  [jvm.dll+0x275722]
V  [jvm.dll+0x2763cd]
V  [jvm.dll+0x26ce05]
V  [jvm.dll+0xd551c]
V  [jvm.dll+0xd5d1c]
V  [jvm.dll+0x470143]
V  [jvm.dll+0x437e08]
V  [jvm.dll+0x440c55]
V  [jvm.dll+0x440015]
V  [jvm.dll+0x42ae57]
V  [jvm.dll+0xac1bb]
V  [jvm.dll+0xaa81b]
V  [jvm.dll+0x23ddc2]
V  [jvm.dll+0x2923dc]
C  [ucrtbase.dll+0x26c0c]
C  [KERNEL32.DLL+0x155a0]
C  [ntdll.dll+0x485b]


Current CompileTask:
C2:  12484 3798   !   4       org.springframework.core.annotation.AnnotationsScanner::processClassHierarchy (227 bytes)


---------------  P R O C E S S  ---------------

Java Threads: ( => current thread )
  0x00000201d87b0800 JavaThread "HikariPool-1 connection adder" daemon [_thread_blocked, id=13788, stack(0x000000c4f3400000,0x000000c4f3500000)]
  0x00000201d87b3800 JavaThread "HikariPool-1 housekeeper" daemon [_thread_blocked, id=14024, stack(0x000000c4f3300000,0x000000c4f3400000)]
  0x00000201db224800 JavaThread "mysql-cj-abandoned-connection-cleanup" daemon [_thread_blocked, id=14108, stack(0x000000c4f3100000,0x000000c4f3200000)]
  0x00000201ded88800 JavaThread "container-0" [_thread_blocked, id=11748, stack(0x000000c4f3000000,0x000000c4f3100000)]
  0x00000201db2f2000 JavaThread "Catalina-utility-2" [_thread_blocked, id=10072, stack(0x000000c4f2f00000,0x000000c4f3000000)]
  0x00000201dd03d800 JavaThread "Catalina-utility-1" [_thread_blocked, id=9192, stack(0x000000c4f2e00000,0x000000c4f2f00000)]
  0x00000201da4d2800 JavaThread "restartedMain" [_thread_in_vm, id=9372, stack(0x000000c4f2d00000,0x000000c4f2e00000)]
  0x00000201da28c000 JavaThread "Thread-0" [_thread_blocked, id=13280, stack(0x000000c4f2c00000,0x000000c4f2d00000)]
  0x00000201d8824800 JavaThread "Service Thread" daemon [_thread_blocked, id=10260, stack(0x000000c4f2a00000,0x000000c4f2b00000)]
  0x00000201d87af800 JavaThread "C1 CompilerThread2" daemon [_thread_blocked, id=12092, stack(0x000000c4f2900000,0x000000c4f2a00000)]
  0x00000201d87a5000 JavaThread "C2 CompilerThread1" daemon [_thread_in_native, id=11164, stack(0x000000c4f2800000,0x000000c4f2900000)]
=>0x00000201d879e000 JavaThread "C2 CompilerThread0" daemon [_thread_in_native, id=10200, stack(0x000000c4f2700000,0x000000c4f2800000)]
  0x00000201d879c800 JavaThread "Attach Listener" daemon [_thread_blocked, id=10664, stack(0x000000c4f2600000,0x000000c4f2700000)]
  0x00000201d879b800 JavaThread "Signal Dispatcher" daemon [_thread_blocked, id=10400, stack(0x000000c4f2500000,0x000000c4f2600000)]
  0x00000201d8776000 JavaThread "Finalizer" daemon [_thread_blocked, id=9036, stack(0x000000c4f2400000,0x000000c4f2500000)]
  0x00000201d876e800 JavaThread "Reference Handler" daemon [_thread_blocked, id=7408, stack(0x000000c4f2300000,0x000000c4f2400000)]
  0x00000201c0062000 JavaThread "main" [_thread_blocked, id=5592, stack(0x000000c4f1d00000,0x000000c4f1e00000)]

Other Threads:
  0x00000201d8744000 VMThread [stack: 0x000000c4f2200000,0x000000c4f2300000] [id=4440]
  0x00000201d8849000 WatcherThread [stack: 0x000000c4f2b00000,0x000000c4f2c00000] [id=8448]

VM state:not at safepoint (normal execution)

VM Mutex/Monitor currently owned by a thread: None

heap address: 0x0000000702000000, size: 3040 MB, Compressed Oops mode: Zero based, Oop shift amount: 3
Narrow klass base: 0x0000000000000000, Narrow klass shift: 3
Compressed class space size: 1073741824 Address: 0x00000007c0000000

Heap:
 PSYoungGen      total 149504K, used 129894K [0x0000000780b00000, 0x000000078b980000, 0x00000007c0000000)
  eden space 138240K, 93% used [0x0000000780b00000,0x00000007889d9988,0x0000000789200000)
  from space 11264K, 0% used [0x0000000789e00000,0x0000000789e00000,0x000000078a900000)
  to   space 12288K, 0% used [0x0000000789200000,0x0000000789200000,0x0000000789e00000)
 ParOldGen       total 109056K, used 14798K [0x0000000702000000, 0x0000000708a80000, 0x0000000780b00000)
  object space 109056K, 13% used [0x0000000702000000,0x0000000702e73930,0x0000000708a80000)
 Metaspace       used 51020K, capacity 54096K, committed 54360K, reserved 1095680K
  class space    used 6958K, capacity 7535K, committed 7552K, reserved 1048576K

Card table byte_map: [0x00000201d0d60000,0x00000201d1360000] byte_map_base: 0x00000201cd550000

Marking Bits: (ParMarkBitMap*) 0x0000000059887fe0
 Begin Bits: [0x00000201d1760000, 0x00000201d46e0000)
 End Bits:   [0x00000201d46e0000, 0x00000201d7660000)

Polling page: 0x00000201c0190000

CodeCache: size=245760Kb used=14055Kb max_used=14055Kb free=231704Kb
 bounds [0x00000201c19a0000, 0x00000201c2770000, 0x00000201d09a0000]
 total_blobs=4367 nmethods=3859 adapters=420
 compilation: enabled

Compilation events (10 events):
Event: 11.927 Thread 0x00000201d87af800 3804       3       java.lang.reflect.Method::setMethodAccessor (21 bytes)
Event: 11.927 Thread 0x00000201d87af800 nmethod 3804 0x00000201c26e2010 code [0x00000201c26e2180, 0x00000201c26e2550]
Event: 12.049 Thread 0x00000201d87af800 3805       3       java.util.concurrent.ConcurrentLinkedDeque::linkFirst (110 bytes)
Event: 12.051 Thread 0x00000201d87af800 nmethod 3805 0x00000201c26e1090 code [0x00000201c26e1260, 0x00000201c26e1bf0]
Event: 12.051 Thread 0x00000201d87af800 3806       3       org.springframework.core.convert.support.GenericConversionService$Converters::add (75 bytes)
Event: 12.052 Thread 0x00000201d87af800 nmethod 3806 0x00000201c26dfa90 code [0x00000201c26dfce0, 0x00000201c26e0b00]
Event: 12.074 Thread 0x00000201d87af800 3807       3       java.lang.invoke.MethodHandles$Lookup::checkMethodName (43 bytes)
Event: 12.075 Thread 0x00000201d87af800 nmethod 3807 0x00000201c26dea50 code [0x00000201c26dec40, 0x00000201c26df650]
Event: 12.181 Thread 0x00000201d87af800 3808       3       java.util.SubList$1::hasNext (20 bytes)
Event: 12.181 Thread 0x00000201d87af800 nmethod 3808 0x00000201c26de490 code [0x00000201c26de600, 0x00000201c26de930]

GC Heap History (10 events):
Event: 3.540 GC heap before
{Heap before GC invocations=6 (full 1):
 PSYoungGen      total 56832K, used 5715K [0x0000000780b00000, 0x0000000787f00000, 0x00000007c0000000)
  eden space 49152K, 0% used [0x0000000780b00000,0x0000000780b00000,0x0000000783b00000)
  from space 7680K, 74% used [0x0000000783b00000,0x0000000784094d38,0x0000000784280000)
  to   space 10240K, 0% used [0x0000000787500000,0x0000000787500000,0x0000000787f00000)
 ParOldGen       total 130048K, used 2319K [0x0000000702000000, 0x0000000709f00000, 0x0000000780b00000)
  object space 130048K, 1% used [0x0000000702000000,0x0000000702243cb0,0x0000000709f00000)
 Metaspace       used 20234K, capacity 21168K, committed 21248K, reserved 1067008K
  class space    used 2538K, capacity 2763K, committed 2816K, reserved 1048576K
Event: 3.575 GC heap after
Heap after GC invocations=6 (full 1):
 PSYoungGen      total 56832K, used 0K [0x0000000780b00000, 0x0000000787f00000, 0x00000007c0000000)
  eden space 49152K, 0% used [0x0000000780b00000,0x0000000780b00000,0x0000000783b00000)
  from space 7680K, 0% used [0x0000000783b00000,0x0000000783b00000,0x0000000784280000)
  to   space 10240K, 0% used [0x0000000787500000,0x0000000787500000,0x0000000787f00000)
 ParOldGen       total 71168K, used 5606K [0x0000000702000000, 0x0000000706580000, 0x0000000780b00000)
  object space 71168K, 7% used [0x0000000702000000,0x0000000702579998,0x0000000706580000)
 Metaspace       used 20234K, capacity 21168K, committed 21248K, reserved 1067008K
  class space    used 2538K, capacity 2763K, committed 2816K, reserved 1048576K
}
Event: 4.324 GC heap before
{Heap before GC invocations=7 (full 1):
 PSYoungGen      total 56832K, used 49152K [0x0000000780b00000, 0x0000000787f00000, 0x00000007c0000000)
  eden space 49152K, 100% used [0x0000000780b00000,0x0000000783b00000,0x0000000783b00000)
  from space 7680K, 0% used [0x0000000783b00000,0x0000000783b00000,0x0000000784280000)
  to   space 10240K, 0% used [0x0000000787500000,0x0000000787500000,0x0000000787f00000)
 ParOldGen       total 71168K, used 5606K [0x0000000702000000, 0x0000000706580000, 0x0000000780b00000)
  object space 71168K, 7% used [0x0000000702000000,0x0000000702579998,0x0000000706580000)
 Metaspace       used 22946K, capacity 24186K, committed 24448K, reserved 1071104K
  class space    used 2909K, capacity 3163K, committed 3200K, reserved 1048576K
Event: 4.340 GC heap after
Heap after GC invocations=7 (full 1):
 PSYoungGen      total 89088K, used 4909K [0x0000000780b00000, 0x0000000787a00000, 0x00000007c0000000)
  eden space 83968K, 0% used [0x0000000780b00000,0x0000000780b00000,0x0000000785d00000)
  from space 5120K, 95% used [0x0000000787500000,0x00000007879cb648,0x0000000787a00000)
  to   space 9728K, 0% used [0x0000000786700000,0x0000000786700000,0x0000000787080000)
 ParOldGen       total 71168K, used 5614K [0x0000000702000000, 0x0000000706580000, 0x0000000780b00000)
  object space 71168K, 7% used [0x0000000702000000,0x000000070257b998,0x0000000706580000)
 Metaspace       used 22946K, capacity 24186K, committed 24448K, reserved 1071104K
  class space    used 2909K, capacity 3163K, committed 3200K, reserved 1048576K
}
Event: 6.366 GC heap before
{Heap before GC invocations=8 (full 1):
 PSYoungGen      total 89088K, used 88862K [0x0000000780b00000, 0x0000000787a00000, 0x00000007c0000000)
  eden space 83968K, 99% used [0x0000000780b00000,0x0000000785cfc348,0x0000000785d00000)
  from space 5120K, 95% used [0x0000000787500000,0x00000007879cb648,0x0000000787a00000)
  to   space 9728K, 0% used [0x0000000786700000,0x0000000786700000,0x0000000787080000)
 ParOldGen       total 71168K, used 5614K [0x0000000702000000, 0x0000000706580000, 0x0000000780b00000)
  object space 71168K, 7% used [0x0000000702000000,0x000000070257b998,0x0000000706580000)
 Metaspace       used 29678K, capacity 31736K, committed 31872K, reserved 1077248K
  class space    used 3835K, capacity 4217K, committed 4224K, reserved 1048576K
Event: 6.378 GC heap after
Heap after GC invocations=8 (full 1):
 PSYoungGen      total 103936K, used 9701K [0x0000000780b00000, 0x000000078a900000, 0x00000007c0000000)
  eden space 94208K, 0% used [0x0000000780b00000,0x0000000780b00000,0x0000000786700000)
  from space 9728K, 99% used [0x0000000786700000,0x00000007870795a0,0x0000000787080000)
  to   space 11264K, 0% used [0x0000000789e00000,0x0000000789e00000,0x000000078a900000)
 ParOldGen       total 71168K, used 5622K [0x0000000702000000, 0x0000000706580000, 0x0000000780b00000)
  object space 71168K, 7% used [0x0000000702000000,0x000000070257d998,0x0000000706580000)
 Metaspace       used 29678K, capacity 31736K, committed 31872K, reserved 1077248K
  class space    used 3835K, capacity 4217K, committed 4224K, reserved 1048576K
}
Event: 7.283 GC heap before
{Heap before GC invocations=9 (full 1):
 PSYoungGen      total 103936K, used 103909K [0x0000000780b00000, 0x000000078a900000, 0x00000007c0000000)
  eden space 94208K, 100% used [0x0000000780b00000,0x0000000786700000,0x0000000786700000)
  from space 9728K, 99% used [0x0000000786700000,0x00000007870795a0,0x0000000787080000)
  to   space 11264K, 0% used [0x0000000789e00000,0x0000000789e00000,0x000000078a900000)
 ParOldGen       total 71168K, used 5622K [0x0000000702000000, 0x0000000706580000, 0x0000000780b00000)
  object space 71168K, 7% used [0x0000000702000000,0x000000070257d998,0x0000000706580000)
 Metaspace       used 33198K, capacity 35362K, committed 35416K, reserved 1079296K
  class space    used 4270K, capacity 4688K, committed 4736K, reserved 1048576K
Event: 7.294 GC heap after
Heap after GC invocations=9 (full 1):
 PSYoungGen      total 149504K, used 10584K [0x0000000780b00000, 0x000000078b980000, 0x00000007c0000000)
  eden space 138240K, 0% used [0x0000000780b00000,0x0000000780b00000,0x0000000789200000)
  from space 11264K, 93% used [0x0000000789e00000,0x000000078a8560e8,0x000000078a900000)
  to   space 12288K, 0% used [0x0000000789200000,0x0000000789200000,0x0000000789e00000)
 ParOldGen       total 71168K, used 5630K [0x0000000702000000, 0x0000000706580000, 0x0000000780b00000)
  object space 71168K, 7% used [0x0000000702000000,0x000000070257f998,0x0000000706580000)
 Metaspace       used 33198K, capacity 35362K, committed 35416K, reserved 1079296K
  class space    used 4270K, capacity 4688K, committed 4736K, reserved 1048576K
}
Event: 7.294 GC heap before
{Heap before GC invocations=10 (full 2):
 PSYoungGen      total 149504K, used 10584K [0x0000000780b00000, 0x000000078b980000, 0x00000007c0000000)
  eden space 138240K, 0% used [0x0000000780b00000,0x0000000780b00000,0x0000000789200000)
  from space 11264K, 93% used [0x0000000789e00000,0x000000078a8560e8,0x000000078a900000)
  to   space 12288K, 0% used [0x0000000789200000,0x0000000789200000,0x0000000789e00000)
 ParOldGen       total 71168K, used 5630K [0x0000000702000000, 0x0000000706580000, 0x0000000780b00000)
  object space 71168K, 7% used [0x0000000702000000,0x000000070257f998,0x0000000706580000)
 Metaspace       used 33198K, capacity 35362K, committed 35416K, reserved 1079296K
  class space    used 4270K, capacity 4688K, committed 4736K, reserved 1048576K
Event: 7.363 GC heap after
Heap after GC invocations=10 (full 2):
 PSYoungGen      total 149504K, used 0K [0x0000000780b00000, 0x000000078b980000, 0x00000007c0000000)
  eden space 138240K, 0% used [0x0000000780b00000,0x0000000780b00000,0x0000000789200000)
  from space 11264K, 0% used [0x0000000789e00000,0x0000000789e00000,0x000000078a900000)
  to   space 12288K, 0% used [0x0000000789200000,0x0000000789200000,0x0000000789e00000)
 ParOldGen       total 109056K, used 14798K [0x0000000702000000, 0x0000000708a80000, 0x0000000780b00000)
  object space 109056K, 13% used [0x0000000702000000,0x0000000702e73930,0x0000000708a80000)
 Metaspace       used 33198K, capacity 35362K, committed 35416K, reserved 1079296K
  class space    used 4270K, capacity 4688K, committed 4736K, reserved 1048576K
}

Deoptimization events (10 events):
Event: 10.134 Thread 0x00000201da4d2800 Uncommon trap: reason=bimorphic action=maybe_recompile pc=0x00000201c25ba9b4 method=java.lang.Throwable.<init>(Ljava/lang/String;Ljava/lang/Throwable;)V @ 24
Event: 11.232 Thread 0x00000201da4d2800 Uncommon trap: reason=unstable_if action=reinterpret pc=0x00000201c25e4d4c method=java.lang.Class$MethodArray.add(Ljava/lang/reflect/Method;)V @ 51
Event: 11.667 Thread 0x00000201da4d2800 Uncommon trap: reason=class_check action=maybe_recompile pc=0x00000201c25245a0 method=org.springframework.beans.factory.support.AbstractBeanFactory.isTypeMatch(Ljava/lang/String;Lorg/springframework/core/ResolvableType;Z)Z @ 53
Event: 11.670 Thread 0x00000201da4d2800 Uncommon trap: reason=class_check action=maybe_recompile pc=0x00000201c25245a0 method=org.springframework.beans.factory.support.AbstractBeanFactory.isTypeMatch(Ljava/lang/String;Lorg/springframework/core/ResolvableType;Z)Z @ 53
Event: 11.703 Thread 0x00000201da4d2800 Uncommon trap: reason=class_check action=maybe_recompile pc=0x00000201c25245a0 method=org.springframework.beans.factory.support.AbstractBeanFactory.isTypeMatch(Ljava/lang/String;Lorg/springframework/core/ResolvableType;Z)Z @ 53
Event: 11.704 Thread 0x00000201da4d2800 Uncommon trap: reason=unstable_if action=reinterpret pc=0x00000201c2479f18 method=org.springframework.core.annotation.TypeMappedAnnotations$MergedAnnotationFinder.doWithAnnotations(Ljava/lang/Object;ILjava/lang/Object;[Ljava/lang/annotation/Annotation;)Lo
Event: 11.705 Thread 0x00000201da4d2800 Uncommon trap: reason=class_check action=maybe_recompile pc=0x00000201c25245a0 method=org.springframework.beans.factory.support.AbstractBeanFactory.isTypeMatch(Ljava/lang/String;Lorg/springframework/core/ResolvableType;Z)Z @ 53
Event: 11.707 Thread 0x00000201da4d2800 Uncommon trap: reason=unstable_if action=reinterpret pc=0x00000201c22040a4 method=org.springframework.beans.factory.support.AbstractAutowireCapableBeanFactory.determineTargetType(Ljava/lang/String;Lorg/springframework/beans/factory/support/RootBeanDefinit
Event: 11.857 Thread 0x00000201da4d2800 Uncommon trap: reason=unstable_if action=reinterpret pc=0x00000201c22fa330 method=java.util.concurrent.ConcurrentHashMap.putVal(Ljava/lang/Object;Ljava/lang/Object;Z)Ljava/lang/Object; @ 331
Event: 11.904 Thread 0x00000201da4d2800 Uncommon trap: reason=unstable_if action=reinterpret pc=0x00000201c2502000 method=java.util.concurrent.ConcurrentHashMap.get(Ljava/lang/Object;)Ljava/lang/Object; @ 86

Classes redefined (0 events):
No events

Internal exceptions (10 events):
Event: 11.698 Thread 0x00000201da4d2800 Exception <a 'java/lang/ClassNotFoundException': org/springframework/beans/factory/AwareCustomizer> (0x0000000786fade48) thrown at [C:\jenkins\workspace\8-2-build-windows-amd64-cygwin\jdk8u301\1513\hotspot\src\share\vm\classfile\systemDictionary.cpp, line
Event: 11.698 Thread 0x00000201da4d2800 Exception <a 'java/lang/ClassNotFoundException': org/springframework/context/ApplicationEventPublisherAwareCustomizer> (0x0000000786fc4ca8) thrown at [C:\jenkins\workspace\8-2-build-windows-amd64-cygwin\jdk8u301\1513\hotspot\src\share\vm\classfile\systemD
Event: 11.699 Thread 0x00000201da4d2800 Exception <a 'java/lang/ClassNotFoundException': org/springframework/beans/factory/AwareCustomizer> (0x0000000786fd8f50) thrown at [C:\jenkins\workspace\8-2-build-windows-amd64-cygwin\jdk8u301\1513\hotspot\src\share\vm\classfile\systemDictionary.cpp, line
Event: 11.711 Thread 0x00000201da4d2800 Exception <a 'java/lang/ClassNotFoundException': java/lang/ObjectCustomizer> (0x0000000787014968) thrown at [C:\jenkins\workspace\8-2-build-windows-amd64-cygwin\jdk8u301\1513\hotspot\src\share\vm\classfile\systemDictionary.cpp, line 212]
Event: 11.712 Thread 0x00000201da4d2800 Exception <a 'java/lang/ClassNotFoundException': org/springframework/core/io/support/PropertiesLoaderSupportCustomizer> (0x000000078702f5d8) thrown at [C:\jenkins\workspace\8-2-build-windows-amd64-cygwin\jdk8u301\1513\hotspot\src\share\vm\classfile\system
Event: 11.713 Thread 0x00000201da4d2800 Exception <a 'java/lang/ClassNotFoundException': org/springframework/beans/factory/config/PropertiesFactoryBeanCustomizer> (0x00000007870509d8) thrown at [C:\jenkins\workspace\8-2-build-windows-amd64-cygwin\jdk8u301\1513\hotspot\src\share\vm\classfile\sys
Event: 11.716 Thread 0x00000201da4d2800 Exception <a 'java/lang/ClassNotFoundException': org/springframework/beans/factory/FactoryBeanCustomizer> (0x000000078707d588) thrown at [C:\jenkins\workspace\8-2-build-windows-amd64-cygwin\jdk8u301\1513\hotspot\src\share\vm\classfile\systemDictionary.cpp
Event: 11.718 Thread 0x00000201da4d2800 Exception <a 'java/lang/ClassNotFoundException': org/springframework/beans/factory/InitializingBeanCustomizer> (0x0000000787095cb8) thrown at [C:\jenkins\workspace\8-2-build-windows-amd64-cygwin\jdk8u301\1513\hotspot\src\share\vm\classfile\systemDictionar
Event: 11.927 Thread 0x00000201da4d2800 Exception <a 'java/lang/NoSuchMethodError': java.lang.Object.lambda$static$0(Ljava/lang/Object;)Lorg/springframework/expression/EvaluationContext;> (0x000000078748d5c8) thrown at [C:\jenkins\workspace\8-2-build-windows-amd64-cygwin\jdk8u301\1513\hotspot\s
Event: 12.066 Thread 0x00000201da4d2800 Exception <a 'java/lang/IncompatibleClassChangeError': Found class java.lang.Object, but interface was expected> (0x00000007876d8f78) thrown at [C:\jenkins\workspace\8-2-build-windows-amd64-cygwin\jdk8u301\1513\hotspot\src\share\vm\interpreter\linkResolve

Events (10 events):
Event: 12.228 loading class org/hibernate/stat/internal/CollectionStatisticsImpl
Event: 12.228 loading class org/hibernate/stat/internal/CollectionStatisticsImpl done
Event: 12.229 loading class org/hibernate/stat/internal/NaturalIdStatisticsImpl
Event: 12.229 loading class org/hibernate/stat/internal/NaturalIdStatisticsImpl done
Event: 12.229 loading class org/hibernate/jmx/internal/DisabledJmxServiceImpl
Event: 12.229 loading class org/hibernate/jmx/internal/DisabledJmxServiceImpl done
Event: 12.229 loading class org/springframework/orm/jpa/ExtendedEntityManagerCreator
Event: 12.230 loading class org/springframework/orm/jpa/ExtendedEntityManagerCreator done
Event: 12.230 loading class org/springframework/orm/jpa/ExtendedEntityManagerCreator$ExtendedEntityManagerInvocationHandler
Event: 12.230 loading class org/springframework/orm/jpa/ExtendedEntityManagerCreator$ExtendedEntityManagerInvocationHandler done


Dynamic libraries:
0x00007ff6bc6d0000 - 0x00007ff6bc717000 	C:\Program Files\Java\jdk1.8.0_301\bin\java.exe
0x00007ffaf66a0000 - 0x00007ffaf68a9000 	C:\WINDOWS\SYSTEM32\ntdll.dll
0x00007ffaf5aa0000 - 0x00007ffaf5b5e000 	C:\WINDOWS\System32\KERNEL32.DLL
0x00007ffaf3be0000 - 0x00007ffaf3f5b000 	C:\WINDOWS\System32\KERNELBASE.dll
0x00007ffaf4dc0000 - 0x00007ffaf4e6e000 	C:\WINDOWS\System32\ADVAPI32.dll
0x00007ffaf5150000 - 0x00007ffaf51f3000 	C:\WINDOWS\System32\msvcrt.dll
0x00007ffaf64a0000 - 0x00007ffaf653e000 	C:\WINDOWS\System32\sechost.dll
0x00007ffaf4830000 - 0x00007ffaf4950000 	C:\WINDOWS\System32\RPCRT4.dll
0x00007ffaf4640000 - 0x00007ffaf47ed000 	C:\WINDOWS\System32\USER32.dll
0x00007ffaf40d0000 - 0x00007ffaf40f6000 	C:\WINDOWS\System32\win32u.dll
0x00007ffaf61f0000 - 0x00007ffaf6219000 	C:\WINDOWS\System32\GDI32.dll
0x00007ffaf4400000 - 0x00007ffaf4518000 	C:\WINDOWS\System32\gdi32full.dll
0x00007ffaf4240000 - 0x00007ffaf42dd000 	C:\WINDOWS\System32\msvcp_win.dll
0x00007ffaf42e0000 - 0x00007ffaf43f1000 	C:\WINDOWS\System32\ucrtbase.dll
0x00007ffad8380000 - 0x00007ffad8625000 	C:\WINDOWS\WinSxS\amd64_microsoft.windows.common-controls_6595b64144ccf1df_6.0.22000.120_none_9d947278b86cc467\COMCTL32.dll
0x00007ffaf47f0000 - 0x00007ffaf4822000 	C:\WINDOWS\System32\IMM32.DLL
0x00007ffaad340000 - 0x00007ffaad355000 	C:\Program Files\Java\jdk1.8.0_301\jre\bin\vcruntime140.dll
0x00007ffa9b750000 - 0x00007ffa9b7eb000 	C:\Program Files\Java\jdk1.8.0_301\jre\bin\msvcp140.dll
0x00000000590a0000 - 0x0000000059900000 	C:\Program Files\Java\jdk1.8.0_301\jre\bin\server\jvm.dll
0x00007ffaf6540000 - 0x00007ffaf6548000 	C:\WINDOWS\System32\PSAPI.DLL
0x00007ffad9300000 - 0x00007ffad9333000 	C:\WINDOWS\SYSTEM32\WINMM.dll
0x00007ffaeec30000 - 0x00007ffaeec3a000 	C:\WINDOWS\SYSTEM32\VERSION.dll
0x00007ffaadd70000 - 0x00007ffaadd79000 	C:\WINDOWS\SYSTEM32\WSOCK32.dll
0x00007ffaf4e70000 - 0x00007ffaf4edf000 	C:\WINDOWS\System32\WS2_32.dll
0x00007ffaf2ce0000 - 0x00007ffaf2cf8000 	C:\WINDOWS\SYSTEM32\kernel.appcore.dll
0x00007ffaa82c0000 - 0x00007ffaa82d0000 	C:\Program Files\Java\jdk1.8.0_301\jre\bin\verify.dll
0x00007ffaa11a0000 - 0x00007ffaa11cb000 	C:\Program Files\Java\jdk1.8.0_301\jre\bin\java.dll
0x00007ffaa82a0000 - 0x00007ffaa82b8000 	C:\Program Files\Java\jdk1.8.0_301\jre\bin\zip.dll
0x00007ffaf5200000 - 0x00007ffaf59b7000 	C:\WINDOWS\System32\SHELL32.dll
0x00007ffaf1b10000 - 0x00007ffaf2375000 	C:\WINDOWS\SYSTEM32\windows.storage.dll
0x00007ffaf5c30000 - 0x00007ffaf5fa8000 	C:\WINDOWS\System32\combase.dll
0x00007ffaf19a0000 - 0x00007ffaf1b06000 	C:\WINDOWS\SYSTEM32\wintypes.dll
0x00007ffaf6570000 - 0x00007ffaf665a000 	C:\WINDOWS\System32\SHCORE.dll
0x00007ffaf6110000 - 0x00007ffaf616d000 	C:\WINDOWS\System32\shlwapi.dll
0x00007ffaf3aa0000 - 0x00007ffaf3ac1000 	C:\WINDOWS\SYSTEM32\profapi.dll
0x00007ffaa12b0000 - 0x00007ffaa12bd000 	C:\Program Files\Java\jdk1.8.0_301\jre\bin\management.dll
0x00007ffa9fa50000 - 0x00007ffa9fa6c000 	C:\Program Files\Java\jdk1.8.0_301\jre\bin\net.dll
0x00007ffaf3180000 - 0x00007ffaf31e7000 	C:\WINDOWS\system32\mswsock.dll
0x00007ffae75f0000 - 0x00007ffae7607000 	C:\WINDOWS\system32\napinsp.dll
0x00007ffae75d0000 - 0x00007ffae75eb000 	C:\WINDOWS\system32\pnrpnsp.dll
0x00007ffaf27c0000 - 0x00007ffaf28a8000 	C:\WINDOWS\SYSTEM32\DNSAPI.dll
0x00007ffaf2790000 - 0x00007ffaf27bd000 	C:\WINDOWS\SYSTEM32\IPHLPAPI.DLL
0x00007ffaf5c20000 - 0x00007ffaf5c29000 	C:\WINDOWS\System32\NSI.dll
0x00007ffae75b0000 - 0x00007ffae75c2000 	C:\WINDOWS\System32\winrnr.dll
0x00007ffab1ff0000 - 0x00007ffab2005000 	C:\WINDOWS\system32\wshbth.dll
0x00007ffae7430000 - 0x00007ffae744f000 	C:\WINDOWS\system32\nlansp_c.dll
0x00007ffaed580000 - 0x00007ffaed58a000 	C:\Windows\System32\rasadhlp.dll
0x00007ffaed8f0000 - 0x00007ffaed971000 	C:\WINDOWS\System32\fwpuclnt.dll
0x00007ffa9f920000 - 0x00007ffa9f933000 	C:\Program Files\Java\jdk1.8.0_301\jre\bin\nio.dll
0x00007ffaf33c0000 - 0x00007ffaf33d8000 	C:\WINDOWS\SYSTEM32\CRYPTSP.dll
0x00007ffaf2c40000 - 0x00007ffaf2c75000 	C:\WINDOWS\system32\rsaenh.dll
0x00007ffaf3270000 - 0x00007ffaf3299000 	C:\WINDOWS\SYSTEM32\USERENV.dll
0x00007ffaf3550000 - 0x00007ffaf3577000 	C:\WINDOWS\SYSTEM32\bcrypt.dll
0x00007ffaf41c0000 - 0x00007ffaf423f000 	C:\WINDOWS\System32\bcryptprimitives.dll
0x00007ffaf33e0000 - 0x00007ffaf33ec000 	C:\WINDOWS\SYSTEM32\CRYPTBASE.dll
0x00007ffaf0140000 - 0x00007ffaf0159000 	C:\WINDOWS\SYSTEM32\dhcpcsvc6.DLL
0x00007ffaf0280000 - 0x00007ffaf029e000 	C:\WINDOWS\SYSTEM32\dhcpcsvc.DLL
0x00007ffaee1d0000 - 0x00007ffaee1f4000 	C:\Program Files\Java\jdk1.8.0_301\jre\bin\sunec.dll
0x00007ffaf0c50000 - 0x00007ffaf0c5d000 	C:\Program Files\Java\jdk1.8.0_301\jre\bin\sunmscapi.dll
0x00007ffaf3f60000 - 0x00007ffaf40c2000 	C:\WINDOWS\System32\CRYPT32.dll
0x00007ffaf3520000 - 0x00007ffaf3548000 	C:\WINDOWS\SYSTEM32\ncrypt.dll
0x00007ffaf34e0000 - 0x00007ffaf3517000 	C:\WINDOWS\SYSTEM32\NTASN1.dll
0x00007ffaf1770000 - 0x00007ffaf1991000 	C:\WINDOWS\SYSTEM32\dbghelp.dll

VM Arguments:
java_command: com.portfolio.mgb.MgbApplication
java_class_path (initial): C:\Argentina Programa\Proyecto Final\ProInt_Villavicencio\ProInt_Villavicencio\BACKEND\target\classes;C:\Users\navil\.m2\repository\org\springframework\boot\spring-boot-starter-data-jpa\2.7.7\spring-boot-starter-data-jpa-2.7.7.jar;C:\Users\navil\.m2\repository\org\springframework\boot\spring-boot-starter-aop\2.7.7\spring-boot-starter-aop-2.7.7.jar;C:\Users\navil\.m2\repository\org\springframework\spring-aop\5.3.24\spring-aop-5.3.24.jar;C:\Users\navil\.m2\repository\org\aspectj\aspectjweaver\1.9.7\aspectjweaver-1.9.7.jar;C:\Users\navil\.m2\repository\org\springframework\boot\spring-boot-starter-jdbc\2.7.7\spring-boot-starter-jdbc-2.7.7.jar;C:\Users\navil\.m2\repository\com\zaxxer\HikariCP\4.0.3\HikariCP-4.0.3.jar;C:\Users\navil\.m2\repository\org\springframework\spring-jdbc\5.3.24\spring-jdbc-5.3.24.jar;C:\Users\navil\.m2\repository\jakarta\transaction\jakarta.transaction-api\1.3.3\jakarta.transaction-api-1.3.3.jar;C:\Users\navil\.m2\repository\jakarta\persistence\jakarta.persistence-api\2.2.3\jakarta.persistence-api-2.2.3.jar;C:\Users\navil\.m2\repository\org\hibernate\hibernate-core\5.6.14.Final\hibernate-core-5.6.14.Final.jar;C:\Users\navil\.m2\repository\net\bytebuddy\byte-buddy\1.12.20\byte-buddy-1.12.20.jar;C:\Users\navil\.m2\repository\antlr\antlr\2.7.7\antlr-2.7.7.jar;C:\Users\navil\.m2\repository\org\jboss\jandex\2.4.2.Final\jandex-2.4.2.Final.jar;C:\Users\navil\.m2\repository\org\hibernate\common\hibernate-commons-annotations\5.1.2.Final\hibernate-commons-annotations-5.1.2.Final.jar;C:\Users\navil\.m2\repository\org\glassfish\jaxb\jaxb-runtime\2.3.7\jaxb-runtime-2.3.7.jar;C:\Users\navil\.m2\repository\org\glassfish\jaxb\txw2\2.3.7\txw2-2.3.7.jar;C:\Users\navil\.m2\repository\com\sun\istack\istack-commons-runtime\3.0.12\istack-commons-runtime-3.0.12.jar;C:\Users\navil\.m2\repository\com\sun\activation\jakarta.activation\1.2.2\jakarta.activation-1.2.2.jar;C:\Users\navil\.m2\repository\org\springframework\data\spring-data-jpa\2.7.6
Launcher Type: SUN_STANDARD

Environment Variables:
JAVA_HOME=C:\Program Files\Java\jdk1.8.0_301
PATH=C:\WINDOWS\system32;%JAVA_HOME%\bin;C:\Program Files\Apache Software Foundation\Tomcat 10.0\bin;C:\WINDOWS\system32;C:\WINDOWS;C:\WINDOWS\System32\Wbem;C:\WINDOWS\System32\WindowsPowerShell\v1.0\;C:\Program Files\nodejs;C:\Users\navil\AppData\Local\Programs\Python\Python39\Scripts\;C:\Users\navil\AppData\Local\Programs\Python\Python39\;C:\Users\navil\AppData\Local\Microsoft\WindowsApps;C:\Users\navil\AppData\Roaming\npm;C:\Program Files\Azure Data Studio\bin;C:\Users\navil\.dotnet\tools;C:\Users\navil\AppData\Local\GitHubDesktop\bin;C:\Users\navil\AppData\Local\Programs\Microsoft VS Code\bin;
USERNAME=navil
OS=Windows_NT
PROCESSOR_IDENTIFIER=Intel64 Family 6 Model 142 Stepping 10, GenuineIntel



---------------  S Y S T E M  ---------------

OS: Windows 10.0 , 64 bit Build 22000 (10.0.22000.1335)

CPU:total 4 (initial active 4) (2 cores per cpu, 2 threads per core) family 6 model 142 stepping 10, cmov, cx8, fxsr, mmx, sse, sse2, sse3, ssse3, sse4.1, sse4.2, popcnt, avx, avx2, aes, clmul, erms, 3dnowpref, lzcnt, ht, tsc, tscinvbit, bmi1, bmi2, adx

Memory: 4k page, physical 12448676k(2630252k free), swap 12448676k(18832k free)

vm_info: Java HotSpot(TM) 64-Bit Server VM (25.301-b09) for windows-amd64 JRE (1.8.0_301-b09), built on Jun  9 2021 06:46:21 by "java_re" with MS VC++ 15.9 (VS2017)

time: Thu Jan  5 15:50:05 2023
timezone: Hora estándar de Argentina
elapsed time: 12.495518 seconds (0d 0h 0m 12s)

