#
# There is insufficient memory for the Java Runtime Environment to continue.
# Native memory allocation (malloc) failed to allocate 1726720 bytes for Chunk::new
# Possible reasons:
#   The system is out of physical RAM or swap space
#   The process is running with CompressedOops enabled, and the Java Heap may be blocking the growth of the native heap
# Possible solutions:
#   Reduce memory load on the system
#   Increase physical memory or swap space
#   Check if swap backing store is full
#   Decrease Java heap size (-Xmx/-Xms)
#   Decrease number of Java threads
#   Decrease Java thread stack sizes (-Xss)
#   Set larger code cache with -XX:ReservedCodeCacheSize=
#   JVM is running with Zero Based Compressed Oops mode in which the Java heap is
#     placed in the first 32GB address space. The Java Heap base address is the
#     maximum limit for the native heap growth. Please use -XX:HeapBaseMinAddress
#     to set the Java Heap base and to place the Java Heap above 32GB virtual address.
# This output file may be truncated or incomplete.
#
#  Out of Memory Error (allocation.cpp:389), pid=2476, tid=0x0000000000001100
#
# JRE version: Java(TM) SE Runtime Environment (8.0_301-b09) (build 1.8.0_301-b09)
# Java VM: Java HotSpot(TM) 64-Bit Server VM (25.301-b09 mixed mode windows-amd64 compressed oops)
# Failed to write core dump. Minidumps are not enabled by default on client versions of Windows
#

---------------  T H R E A D  ---------------

Current thread (0x000001e17f203000):  JavaThread "C2 CompilerThread0" daemon [_thread_in_native, id=4352, stack(0x0000005b0f800000,0x0000005b0f900000)]

Stack: [0x0000005b0f800000,0x0000005b0f900000]
Native frames: (J=compiled Java code, j=interpreted, Vv=VM code, C=native code)
V  [jvm.dll+0x32ed79]
V  [jvm.dll+0x275722]
V  [jvm.dll+0x2763cd]
V  [jvm.dll+0x26ce05]
V  [jvm.dll+0xd551c]
V  [jvm.dll+0xd5d1c]
V  [jvm.dll+0x470195]
V  [jvm.dll+0x437c50]
V  [jvm.dll+0x440c55]
V  [jvm.dll+0x440015]
V  [jvm.dll+0x42ae57]
V  [jvm.dll+0xac1bb]
V  [jvm.dll+0xaa81b]
V  [jvm.dll+0x23ddc2]
V  [jvm.dll+0x2923dc]
C  [ucrtbase.dll+0x26c0c]
C  [KERNEL32.DLL+0x155a0]
C  [ntdll.dll+0x485b]


Current CompileTask:
C2:  13251 4115       4       java.net.URLClassLoader$1::run (5 bytes)


---------------  P R O C E S S  ---------------

Java Threads: ( => current thread )
  0x000001e103d95000 JavaThread "mysql-cj-abandoned-connection-cleanup" daemon [_thread_blocked, id=9392, stack(0x0000005b0ff00000,0x0000005b10000000)]
  0x000001e100efb800 JavaThread "restartedMain" [_thread_in_native, id=2288, stack(0x0000005b0fe00000,0x0000005b0ff00000)]
  0x000001e100e83000 JavaThread "Thread-0" [_thread_blocked, id=6304, stack(0x0000005b0fd00000,0x0000005b0fe00000)]
  0x000001e17f284800 JavaThread "Service Thread" daemon [_thread_blocked, id=15088, stack(0x0000005b0fb00000,0x0000005b0fc00000)]
  0x000001e17f236000 JavaThread "C1 CompilerThread2" daemon [_thread_blocked, id=1732, stack(0x0000005b0fa00000,0x0000005b0fb00000)]
  0x000001e17f207000 JavaThread "C2 CompilerThread1" daemon [_thread_in_native, id=3188, stack(0x0000005b0f900000,0x0000005b0fa00000)]
=>0x000001e17f203000 JavaThread "C2 CompilerThread0" daemon [_thread_in_native, id=4352, stack(0x0000005b0f800000,0x0000005b0f900000)]
  0x000001e17f201000 JavaThread "Attach Listener" daemon [_thread_blocked, id=12820, stack(0x0000005b0f700000,0x0000005b0f800000)]
  0x000001e17f1fd000 JavaThread "Signal Dispatcher" daemon [_thread_blocked, id=14888, stack(0x0000005b0f600000,0x0000005b0f700000)]
  0x000001e17f1d9000 JavaThread "Finalizer" daemon [_thread_blocked, id=8708, stack(0x0000005b0f500000,0x0000005b0f600000)]
  0x000001e17f1d2000 JavaThread "Reference Handler" daemon [_thread_blocked, id=3372, stack(0x0000005b0f400000,0x0000005b0f500000)]
  0x000001e166c16800 JavaThread "main" [_thread_blocked, id=7112, stack(0x0000005b0ee00000,0x0000005b0ef00000)]

Other Threads:
  0x000001e17f1a8800 VMThread [stack: 0x0000005b0f300000,0x0000005b0f400000] [id=11452]
  0x000001e17f2bc000 WatcherThread [stack: 0x0000005b0fc00000,0x0000005b0fd00000] [id=14852]

VM state:not at safepoint (normal execution)

VM Mutex/Monitor currently owned by a thread: None

heap address: 0x0000000702000000, size: 3040 MB, Compressed Oops mode: Zero based, Oop shift amount: 3
Narrow klass base: 0x0000000000000000, Narrow klass shift: 3
Compressed class space size: 1073741824 Address: 0x00000007c0000000

Heap:
 PSYoungGen      total 169984K, used 127575K [0x0000000780b00000, 0x000000078de00000, 0x00000007c0000000)
  eden space 159232K, 80% used [0x0000000780b00000,0x0000000788795ed0,0x000000078a680000)
  from space 10752K, 0% used [0x000000078c900000,0x000000078c900000,0x000000078d380000)
  to   space 9728K, 0% used [0x000000078d480000,0x000000078d480000,0x000000078de00000)
 ParOldGen       total 113664K, used 17420K [0x0000000702000000, 0x0000000708f00000, 0x0000000780b00000)
  object space 113664K, 15% used [0x0000000702000000,0x0000000703103308,0x0000000708f00000)
 Metaspace       used 51530K, capacity 54100K, committed 54360K, reserved 1095680K
  class space    used 7038K, capacity 7519K, committed 7552K, reserved 1048576K

Card table byte_map: [0x000001e177910000,0x000001e177f10000] byte_map_base: 0x000001e174100000

Marking Bits: (ParMarkBitMap*) 0x0000000055cc7fe0
 Begin Bits: [0x000001e178310000, 0x000001e17b290000)
 End Bits:   [0x000001e17b290000, 0x000001e17e210000)

Polling page: 0x000001e166b90000

CodeCache: size=245760Kb used=14033Kb max_used=14033Kb free=231726Kb
 bounds [0x000001e168550000, 0x000001e169310000, 0x000001e177550000]
 total_blobs=4495 nmethods=3954 adapters=452
 compilation: enabled

Compilation events (10 events):
Event: 13.003 Thread 0x000001e17f236000 4265       3       net.bytebuddy.description.type.TypeDescription$Generic$Visitor$Substitutor$ForAttachment::onSimpleType (28 bytes)
Event: 13.003 Thread 0x000001e17f236000 nmethod 4265 0x000001e1692c52d0 code [0x000001e1692c5460, 0x000001e1692c57c0]
Event: 13.003 Thread 0x000001e17f236000 4267       3       net.bytebuddy.jar.asm.ByteVector::putByte (39 bytes)
Event: 13.004 Thread 0x000001e17f236000 nmethod 4267 0x000001e1692c5910 code [0x000001e1692c5a80, 0x000001e1692c5cd0]
Event: 13.004 Thread 0x000001e17f236000 4266       3       net.bytebuddy.jar.asm.ByteVector::put12 (64 bytes)
Event: 13.004 Thread 0x000001e17f236000 nmethod 4266 0x000001e1692c5e10 code [0x000001e1692c5f80, 0x000001e1692c6210]
Event: 13.004 Thread 0x000001e17f236000 4268       3       net.bytebuddy.description.type.TypeDescription$AbstractBase::getInternalName (12 bytes)
Event: 13.004 Thread 0x000001e17f236000 nmethod 4268 0x000001e1692c6390 code [0x000001e1692c6500, 0x000001e1692c67e0]
Event: 13.004 Thread 0x000001e17f236000 4269       3       net.bytebuddy.description.type.TypeDescription$Generic$Visitor$Substitutor$ForAttachment::<init> (12 bytes)
Event: 13.004 Thread 0x000001e17f236000 nmethod 4269 0x000001e1692c68d0 code [0x000001e1692c6a60, 0x000001e1692c6df0]

GC Heap History (10 events):
Event: 1.773 GC heap before
{Heap before GC invocations=5 (full 0):
 PSYoungGen      total 105984K, used 20927K [0x0000000780b00000, 0x0000000787a00000, 0x00000007c0000000)
  eden space 98304K, 14% used [0x0000000780b00000,0x0000000781956b10,0x0000000786b00000)
  from space 7680K, 81% used [0x0000000787280000,0x00000007878992f0,0x0000000787a00000)
  to   space 7680K, 0% used [0x0000000786b00000,0x0000000786b00000,0x0000000787280000)
 ParOldGen       total 130048K, used 1712K [0x0000000702000000, 0x0000000709f00000, 0x0000000780b00000)
  object space 130048K, 1% used [0x0000000702000000,0x00000007021ac1b8,0x0000000709f00000)
 Metaspace       used 20192K, capacity 21106K, committed 21248K, reserved 1067008K
  class space    used 2521K, capacity 2720K, committed 2816K, reserved 1048576K
Event: 1.784 GC heap after
Heap after GC invocations=5 (full 0):
 PSYoungGen      total 105984K, used 5912K [0x0000000780b00000, 0x000000078de00000, 0x00000007c0000000)
  eden space 98304K, 0% used [0x0000000780b00000,0x0000000780b00000,0x0000000786b00000)
  from space 7680K, 76% used [0x0000000786b00000,0x00000007870c6398,0x0000000787280000)
  to   space 9728K, 0% used [0x000000078d480000,0x000000078d480000,0x000000078de00000)
 ParOldGen       total 130048K, used 1720K [0x0000000702000000, 0x0000000709f00000, 0x0000000780b00000)
  object space 130048K, 1% used [0x0000000702000000,0x00000007021ae1b8,0x0000000709f00000)
 Metaspace       used 20192K, capacity 21106K, committed 21248K, reserved 1067008K
  class space    used 2521K, capacity 2720K, committed 2816K, reserved 1048576K
}
Event: 1.784 GC heap before
{Heap before GC invocations=6 (full 1):
 PSYoungGen      total 105984K, used 5912K [0x0000000780b00000, 0x000000078de00000, 0x00000007c0000000)
  eden space 98304K, 0% used [0x0000000780b00000,0x0000000780b00000,0x0000000786b00000)
  from space 7680K, 76% used [0x0000000786b00000,0x00000007870c6398,0x0000000787280000)
  to   space 9728K, 0% used [0x000000078d480000,0x000000078d480000,0x000000078de00000)
 ParOldGen       total 130048K, used 1720K [0x0000000702000000, 0x0000000709f00000, 0x0000000780b00000)
  object space 130048K, 1% used [0x0000000702000000,0x00000007021ae1b8,0x0000000709f00000)
 Metaspace       used 20192K, capacity 21106K, committed 21248K, reserved 1067008K
  class space    used 2521K, capacity 2720K, committed 2816K, reserved 1048576K
Event: 1.823 GC heap after
Heap after GC invocations=6 (full 1):
 PSYoungGen      total 105984K, used 0K [0x0000000780b00000, 0x000000078de00000, 0x00000007c0000000)
  eden space 98304K, 0% used [0x0000000780b00000,0x0000000780b00000,0x0000000786b00000)
  from space 7680K, 0% used [0x0000000786b00000,0x0000000786b00000,0x0000000787280000)
  to   space 9728K, 0% used [0x000000078d480000,0x000000078d480000,0x000000078de00000)
 ParOldGen       total 73728K, used 5819K [0x0000000702000000, 0x0000000706800000, 0x0000000780b00000)
  object space 73728K, 7% used [0x0000000702000000,0x00000007025aee88,0x0000000706800000)
 Metaspace       used 20192K, capacity 21106K, committed 21248K, reserved 1067008K
  class space    used 2521K, capacity 2720K, committed 2816K, reserved 1048576K
}
Event: 4.189 GC heap before
{Heap before GC invocations=7 (full 1):
 PSYoungGen      total 105984K, used 98304K [0x0000000780b00000, 0x000000078de00000, 0x00000007c0000000)
  eden space 98304K, 100% used [0x0000000780b00000,0x0000000786b00000,0x0000000786b00000)
  from space 7680K, 0% used [0x0000000786b00000,0x0000000786b00000,0x0000000787280000)
  to   space 9728K, 0% used [0x000000078d480000,0x000000078d480000,0x000000078de00000)
 ParOldGen       total 73728K, used 5819K [0x0000000702000000, 0x0000000706800000, 0x0000000780b00000)
  object space 73728K, 7% used [0x0000000702000000,0x00000007025aee88,0x0000000706800000)
 Metaspace       used 26135K, capacity 27656K, committed 27776K, reserved 1073152K
  class space    used 3364K, capacity 3674K, committed 3712K, reserved 1048576K
Event: 4.223 GC heap after
Heap after GC invocations=7 (full 1):
 PSYoungGen      total 168960K, used 9624K [0x0000000780b00000, 0x000000078de00000, 0x00000007c0000000)
  eden space 159232K, 0% used [0x0000000780b00000,0x0000000780b00000,0x000000078a680000)
  from space 9728K, 98% used [0x000000078d480000,0x000000078dde61a8,0x000000078de00000)
  to   space 10752K, 0% used [0x000000078c900000,0x000000078c900000,0x000000078d380000)
 ParOldGen       total 73728K, used 5827K [0x0000000702000000, 0x0000000706800000, 0x0000000780b00000)
  object space 73728K, 7% used [0x0000000702000000,0x00000007025b0e88,0x0000000706800000)
 Metaspace       used 26135K, capacity 27656K, committed 27776K, reserved 1073152K
  class space    used 3364K, capacity 3674K, committed 3712K, reserved 1048576K
}
Event: 7.955 GC heap before
{Heap before GC invocations=8 (full 1):
 PSYoungGen      total 168960K, used 164230K [0x0000000780b00000, 0x000000078de00000, 0x00000007c0000000)
  eden space 159232K, 97% used [0x0000000780b00000,0x000000078a1fb9f0,0x000000078a680000)
  from space 9728K, 98% used [0x000000078d480000,0x000000078dde61a8,0x000000078de00000)
  to   space 10752K, 0% used [0x000000078c900000,0x000000078c900000,0x000000078d380000)
 ParOldGen       total 73728K, used 5827K [0x0000000702000000, 0x0000000706800000, 0x0000000780b00000)
  object space 73728K, 7% used [0x0000000702000000,0x00000007025b0e88,0x0000000706800000)
 Metaspace       used 33219K, capacity 35378K, committed 35416K, reserved 1079296K
  class space    used 4284K, capacity 4703K, committed 4736K, reserved 1048576K
Event: 7.976 GC heap after
Heap after GC invocations=8 (full 1):
 PSYoungGen      total 169984K, used 10725K [0x0000000780b00000, 0x000000078de00000, 0x00000007c0000000)
  eden space 159232K, 0% used [0x0000000780b00000,0x0000000780b00000,0x000000078a680000)
  from space 10752K, 99% used [0x000000078c900000,0x000000078d3796b0,0x000000078d380000)
  to   space 9728K, 0% used [0x000000078d480000,0x000000078d480000,0x000000078de00000)
 ParOldGen       total 73728K, used 8295K [0x0000000702000000, 0x0000000706800000, 0x0000000780b00000)
  object space 73728K, 11% used [0x0000000702000000,0x0000000702819c90,0x0000000706800000)
 Metaspace       used 33219K, capacity 35378K, committed 35416K, reserved 1079296K
  class space    used 4284K, capacity 4703K, committed 4736K, reserved 1048576K
}
Event: 7.976 GC heap before
{Heap before GC invocations=9 (full 2):
 PSYoungGen      total 169984K, used 10725K [0x0000000780b00000, 0x000000078de00000, 0x00000007c0000000)
  eden space 159232K, 0% used [0x0000000780b00000,0x0000000780b00000,0x000000078a680000)
  from space 10752K, 99% used [0x000000078c900000,0x000000078d3796b0,0x000000078d380000)
  to   space 9728K, 0% used [0x000000078d480000,0x000000078d480000,0x000000078de00000)
 ParOldGen       total 73728K, used 8295K [0x0000000702000000, 0x0000000706800000, 0x0000000780b00000)
  object space 73728K, 11% used [0x0000000702000000,0x0000000702819c90,0x0000000706800000)
 Metaspace       used 33219K, capacity 35378K, committed 35416K, reserved 1079296K
  class space    used 4284K, capacity 4703K, committed 4736K, reserved 1048576K
Event: 8.088 GC heap after
Heap after GC invocations=9 (full 2):
 PSYoungGen      total 169984K, used 0K [0x0000000780b00000, 0x000000078de00000, 0x00000007c0000000)
  eden space 159232K, 0% used [0x0000000780b00000,0x0000000780b00000,0x000000078a680000)
  from space 10752K, 0% used [0x000000078c900000,0x000000078c900000,0x000000078d380000)
  to   space 9728K, 0% used [0x000000078d480000,0x000000078d480000,0x000000078de00000)
 ParOldGen       total 113664K, used 17420K [0x0000000702000000, 0x0000000708f00000, 0x0000000780b00000)
  object space 113664K, 15% used [0x0000000702000000,0x0000000703103308,0x0000000708f00000)
 Metaspace       used 33219K, capacity 35378K, committed 35416K, reserved 1079296K
  class space    used 4284K, capacity 4703K, committed 4736K, reserved 1048576K
}

Deoptimization events (10 events):
Event: 9.937 Thread 0x000001e100efb800 Uncommon trap: reason=unstable_if action=reinterpret pc=0x000001e168b5d5bc method=java.util.HashMap.putVal(ILjava/lang/Object;Ljava/lang/Object;ZZ)Ljava/lang/Object; @ 162
Event: 10.294 Thread 0x000001e100efb800 Uncommon trap: reason=predicate action=maybe_recompile pc=0x000001e16876c680 method=java.util.regex.Pattern$SliceI.match(Ljava/util/regex/Matcher;ILjava/lang/CharSequence;)Z @ 21
Event: 10.360 Thread 0x000001e100efb800 Uncommon trap: reason=class_check action=maybe_recompile pc=0x000001e1688c02ec method=sun.security.util.math.intpoly.IntegerPolynomial$MutableElement.setSum(Lsun/security/util/math/IntegerModuloP;)Lsun/security/util/math/intpoly/IntegerPolynomial$MutableE
Event: 10.361 Thread 0x000001e100efb800 Uncommon trap: reason=class_check action=maybe_recompile pc=0x000001e1688c02ec method=sun.security.util.math.intpoly.IntegerPolynomial$MutableElement.setSum(Lsun/security/util/math/IntegerModuloP;)Lsun/security/util/math/intpoly/IntegerPolynomial$MutableE
Event: 10.361 Thread 0x000001e100efb800 Uncommon trap: reason=class_check action=maybe_recompile pc=0x000001e1688c02ec method=sun.security.util.math.intpoly.IntegerPolynomial$MutableElement.setSum(Lsun/security/util/math/IntegerModuloP;)Lsun/security/util/math/intpoly/IntegerPolynomial$MutableE
Event: 10.361 Thread 0x000001e100efb800 Uncommon trap: reason=class_check action=maybe_recompile pc=0x000001e1688c02ec method=sun.security.util.math.intpoly.IntegerPolynomial$MutableElement.setSum(Lsun/security/util/math/IntegerModuloP;)Lsun/security/util/math/intpoly/IntegerPolynomial$MutableE
Event: 12.066 Thread 0x000001e100efb800 Uncommon trap: reason=bimorphic action=maybe_recompile pc=0x000001e168c090dc method=java.lang.ClassLoader.loadClass(Ljava/lang/String;Z)Ljava/lang/Class; @ 70
Event: 12.517 Thread 0x000001e100efb800 Uncommon trap: reason=unstable_if action=reinterpret pc=0x000001e1690d4988 method=java.lang.Class$MethodArray.addIfNotPresent(Ljava/lang/reflect/Method;)V @ 19
Event: 12.547 Thread 0x000001e100efb800 Uncommon trap: reason=predicate action=maybe_recompile pc=0x000001e16898dd44 method=java.lang.String.regionMatches(ZILjava/lang/String;II)Z @ 63
Event: 12.861 Thread 0x000001e100efb800 Uncommon trap: reason=unstable_if action=reinterpret pc=0x000001e168fabf98 method=java.util.HashMap$HashIterator.<init>(Ljava/util/HashMap;)V @ 45

Classes redefined (0 events):
No events

Internal exceptions (10 events):
Event: 7.455 Thread 0x000001e100efb800 Exception <a 'java/lang/ClassNotFoundException': org/springframework/beans/factory/AwareCustomizer> (0x0000000788aeec98) thrown at [C:\jenkins\workspace\8-2-build-windows-amd64-cygwin\jdk8u301\1513\hotspot\src\share\vm\classfile\systemDictionary.cpp, line
Event: 7.463 Thread 0x000001e100efb800 Exception <a 'java/lang/ClassNotFoundException': java/lang/ObjectCustomizer> (0x0000000788b324b0) thrown at [C:\jenkins\workspace\8-2-build-windows-amd64-cygwin\jdk8u301\1513\hotspot\src\share\vm\classfile\systemDictionary.cpp, line 212]
Event: 7.465 Thread 0x000001e100efb800 Exception <a 'java/lang/ClassNotFoundException': org/springframework/core/io/support/PropertiesLoaderSupportCustomizer> (0x0000000788b53970) thrown at [C:\jenkins\workspace\8-2-build-windows-amd64-cygwin\jdk8u301\1513\hotspot\src\share\vm\classfile\system
Event: 7.467 Thread 0x000001e100efb800 Exception <a 'java/lang/ClassNotFoundException': org/springframework/beans/factory/config/PropertiesFactoryBeanCustomizer> (0x0000000788b7b678) thrown at [C:\jenkins\workspace\8-2-build-windows-amd64-cygwin\jdk8u301\1513\hotspot\src\share\vm\classfile\sys
Event: 7.468 Thread 0x000001e100efb800 Exception <a 'java/lang/ClassNotFoundException': org/springframework/beans/factory/FactoryBeanCustomizer> (0x0000000788badeb0) thrown at [C:\jenkins\workspace\8-2-build-windows-amd64-cygwin\jdk8u301\1513\hotspot\src\share\vm\classfile\systemDictionary.cpp
Event: 7.469 Thread 0x000001e100efb800 Exception <a 'java/lang/ClassNotFoundException': org/springframework/beans/factory/InitializingBeanCustomizer> (0x0000000788bcc4a8) thrown at [C:\jenkins\workspace\8-2-build-windows-amd64-cygwin\jdk8u301\1513\hotspot\src\share\vm\classfile\systemDictionar
Event: 7.620 Thread 0x000001e100efb800 Implicit null exception at 0x000001e168871216 to 0x000001e1688715c9
Event: 7.891 Thread 0x000001e100efb800 Implicit null exception at 0x000001e168d7456b to 0x000001e168d746cd
Event: 8.230 Thread 0x000001e100efb800 Exception <a 'java/lang/ClassNotFoundException': java/lang/Module> (0x00000007813fb2e8) thrown at [C:\jenkins\workspace\8-2-build-windows-amd64-cygwin\jdk8u301\1513\hotspot\src\share\vm\classfile\systemDictionary.cpp, line 212]
Event: 12.952 Thread 0x000001e100efb800 Exception <a 'java/lang/ClassNotFoundException': java/lang/Module> (0x0000000787938cc8) thrown at [C:\jenkins\workspace\8-2-build-windows-amd64-cygwin\jdk8u301\1513\hotspot\src\share\vm\classfile\systemDictionary.cpp, line 212]

Events (10 events):
Event: 12.990 loading class org/hibernate/persister/walking/internal/EntityIdentifierDefinitionHelper
Event: 12.990 loading class org/hibernate/persister/walking/internal/EntityIdentifierDefinitionHelper done
Event: 12.991 loading class org/hibernate/persister/walking/spi/EntityIdentifierDefinition
Event: 12.991 loading class org/hibernate/persister/walking/spi/EntityIdentifierDefinition done
Event: 12.991 loading class org/hibernate/persister/walking/internal/EntityIdentifierDefinitionHelper$1
Event: 12.991 loading class org/hibernate/persister/walking/internal/EntityIdentifierDefinitionHelper$1 done
Event: 12.991 loading class org/hibernate/persister/walking/spi/EncapsulatedEntityIdentifierDefinition
Event: 12.991 loading class org/hibernate/persister/walking/spi/EncapsulatedEntityIdentifierDefinition done
Event: 12.992 loading class org/hibernate/persister/walking/internal/EntityIdentifierDefinitionHelper$AttributeDefinitionAdapter
Event: 12.992 loading class org/hibernate/persister/walking/internal/EntityIdentifierDefinitionHelper$AttributeDefinitionAdapter done


Dynamic libraries:
0x00007ff6a5270000 - 0x00007ff6a52b7000 	C:\Program Files\Java\jdk1.8.0_301\bin\java.exe
0x00007ffe30f20000 - 0x00007ffe31129000 	C:\WINDOWS\SYSTEM32\ntdll.dll
0x00007ffdec550000 - 0x00007ffdec569000 	C:\Program Files\Avast Software\Avast\aswhook.dll
0x00007ffe2f090000 - 0x00007ffe2f14e000 	C:\WINDOWS\System32\KERNEL32.DLL
0x00007ffe2e7e0000 - 0x00007ffe2eb5c000 	C:\WINDOWS\System32\KERNELBASE.dll
0x00007ffe30470000 - 0x00007ffe3051e000 	C:\WINDOWS\System32\ADVAPI32.dll
0x00007ffe30520000 - 0x00007ffe305c3000 	C:\WINDOWS\System32\msvcrt.dll
0x00007ffe2fe50000 - 0x00007ffe2feee000 	C:\WINDOWS\System32\sechost.dll
0x00007ffe2edb0000 - 0x00007ffe2eed0000 	C:\WINDOWS\System32\RPCRT4.dll
0x00007ffe30120000 - 0x00007ffe302cd000 	C:\WINDOWS\System32\USER32.dll
0x00007ffe2e5d0000 - 0x00007ffe2e5f6000 	C:\WINDOWS\System32\win32u.dll
0x00007ffe303d0000 - 0x00007ffe303f9000 	C:\WINDOWS\System32\GDI32.dll
0x00007ffe2eb60000 - 0x00007ffe2ec78000 	C:\WINDOWS\System32\gdi32full.dll
0x00007ffe2ec80000 - 0x00007ffe2ed1d000 	C:\WINDOWS\System32\msvcp_win.dll
0x00007ffe2e3f0000 - 0x00007ffe2e501000 	C:\WINDOWS\System32\ucrtbase.dll
0x00007ffe16080000 - 0x00007ffe16325000 	C:\WINDOWS\WinSxS\amd64_microsoft.windows.common-controls_6595b64144ccf1df_6.0.22000.120_none_9d947278b86cc467\COMCTL32.dll
0x00007ffe2fe10000 - 0x00007ffe2fe41000 	C:\WINDOWS\System32\IMM32.DLL
0x00007ffe29e00000 - 0x00007ffe29e15000 	C:\Program Files\Java\jdk1.8.0_301\jre\bin\vcruntime140.dll
0x00007ffe15470000 - 0x00007ffe1550b000 	C:\Program Files\Java\jdk1.8.0_301\jre\bin\msvcp140.dll
0x00000000554e0000 - 0x0000000055d40000 	C:\Program Files\Java\jdk1.8.0_301\jre\bin\server\jvm.dll
0x00007ffe30ec0000 - 0x00007ffe30ec8000 	C:\WINDOWS\System32\PSAPI.DLL
0x00007ffe015d0000 - 0x00007ffe01603000 	C:\WINDOWS\SYSTEM32\WINMM.dll
0x00007ffe22550000 - 0x00007ffe22559000 	C:\WINDOWS\SYSTEM32\WSOCK32.dll
0x00007ffe28a80000 - 0x00007ffe28a8a000 	C:\WINDOWS\SYSTEM32\VERSION.dll
0x00007ffe30770000 - 0x00007ffe307df000 	C:\WINDOWS\System32\WS2_32.dll
0x00007ffe2d560000 - 0x00007ffe2d578000 	C:\WINDOWS\SYSTEM32\kernel.appcore.dll
0x00007ffe2b2d0000 - 0x00007ffe2b2e0000 	C:\Program Files\Java\jdk1.8.0_301\jre\bin\verify.dll
0x00007ffe17540000 - 0x00007ffe1756b000 	C:\Program Files\Java\jdk1.8.0_301\jre\bin\java.dll
0x00007ffe296d0000 - 0x00007ffe296e8000 	C:\Program Files\Java\jdk1.8.0_301\jre\bin\zip.dll
0x00007ffe2f640000 - 0x00007ffe2fe05000 	C:\WINDOWS\System32\SHELL32.dll
0x00007ffe2c4e0000 - 0x00007ffe2cd45000 	C:\WINDOWS\SYSTEM32\windows.storage.dll
0x00007ffe307e0000 - 0x00007ffe30b56000 	C:\WINDOWS\System32\combase.dll
0x00007ffe2c370000 - 0x00007ffe2c4d6000 	C:\WINDOWS\SYSTEM32\wintypes.dll
0x00007ffe302e0000 - 0x00007ffe303ca000 	C:\WINDOWS\System32\SHCORE.dll
0x00007ffe2eed0000 - 0x00007ffe2ef2d000 	C:\WINDOWS\System32\shlwapi.dll
0x00007ffe2e320000 - 0x00007ffe2e341000 	C:\WINDOWS\SYSTEM32\profapi.dll
0x00007ffe2b260000 - 0x00007ffe2b26d000 	C:\Program Files\Java\jdk1.8.0_301\jre\bin\management.dll
0x00007ffe17520000 - 0x00007ffe1753c000 	C:\Program Files\Java\jdk1.8.0_301\jre\bin\net.dll
0x00007ffe2da00000 - 0x00007ffe2da67000 	C:\WINDOWS\system32\mswsock.dll
0x00007ffdf57f0000 - 0x00007ffdf5807000 	C:\WINDOWS\system32\napinsp.dll
0x00007ffdf5810000 - 0x00007ffdf582b000 	C:\WINDOWS\system32\pnrpnsp.dll
0x00007ffe2d010000 - 0x00007ffe2d0f8000 	C:\WINDOWS\SYSTEM32\DNSAPI.dll
0x00007ffe2cfe0000 - 0x00007ffe2d00d000 	C:\WINDOWS\SYSTEM32\IPHLPAPI.DLL
0x00007ffe302d0000 - 0x00007ffe302d9000 	C:\WINDOWS\System32\NSI.dll
0x00007ffdf57d0000 - 0x00007ffdf57e2000 	C:\WINDOWS\System32\winrnr.dll
0x00007ffdf5830000 - 0x00007ffdf5845000 	C:\WINDOWS\system32\wshbth.dll
0x00007ffdf5850000 - 0x00007ffdf586f000 	C:\WINDOWS\system32\nlansp_c.dll
0x00007ffe21ed0000 - 0x00007ffe21eda000 	C:\Windows\System32\rasadhlp.dll
0x00007ffe221c0000 - 0x00007ffe22241000 	C:\WINDOWS\System32\fwpuclnt.dll
0x00007ffe15cb0000 - 0x00007ffe15cc3000 	C:\Program Files\Java\jdk1.8.0_301\jre\bin\nio.dll
0x00007ffe2dc40000 - 0x00007ffe2dc58000 	C:\WINDOWS\SYSTEM32\CRYPTSP.dll
0x00007ffe2d470000 - 0x00007ffe2d4a5000 	C:\WINDOWS\system32\rsaenh.dll
0x00007ffe2daf0000 - 0x00007ffe2db19000 	C:\WINDOWS\SYSTEM32\USERENV.dll
0x00007ffe2ddd0000 - 0x00007ffe2ddf7000 	C:\WINDOWS\SYSTEM32\bcrypt.dll
0x00007ffe2ed20000 - 0x00007ffe2ed9f000 	C:\WINDOWS\System32\bcryptprimitives.dll
0x00007ffe2dc60000 - 0x00007ffe2dc6c000 	C:\WINDOWS\SYSTEM32\CRYPTBASE.dll
0x00007ffe27400000 - 0x00007ffe27419000 	C:\WINDOWS\SYSTEM32\dhcpcsvc6.DLL
0x00007ffe28600000 - 0x00007ffe2861e000 	C:\WINDOWS\SYSTEM32\dhcpcsvc.DLL
0x00007ffe13bc0000 - 0x00007ffe13be4000 	C:\Program Files\Java\jdk1.8.0_301\jre\bin\sunec.dll
0x00007ffe28f80000 - 0x00007ffe28f8d000 	C:\Program Files\Java\jdk1.8.0_301\jre\bin\sunmscapi.dll
0x00007ffe2e670000 - 0x00007ffe2e7d2000 	C:\WINDOWS\System32\CRYPT32.dll
0x00007ffe2dda0000 - 0x00007ffe2ddc8000 	C:\WINDOWS\SYSTEM32\ncrypt.dll
0x00007ffe2dd60000 - 0x00007ffe2dd97000 	C:\WINDOWS\SYSTEM32\NTASN1.dll
0x00007ffe2be90000 - 0x00007ffe2c0b1000 	C:\WINDOWS\SYSTEM32\dbghelp.dll

VM Arguments:
java_command: com.portfolio.mgb.MgbApplication
java_class_path (initial): C:\PROYECTOS DE PROGRAMACION\Argentina Programa\Proyecto Final\ProInt_Villavicencio\ProInt_Villavicencio\BACKEND\target\classes;C:\Users\navil\.m2\repository\org\springframework\boot\spring-boot-starter-data-jpa\2.7.7\spring-boot-starter-data-jpa-2.7.7.jar;C:\Users\navil\.m2\repository\org\springframework\boot\spring-boot-starter-aop\2.7.7\spring-boot-starter-aop-2.7.7.jar;C:\Users\navil\.m2\repository\org\aspectj\aspectjweaver\1.9.7\aspectjweaver-1.9.7.jar;C:\Users\navil\.m2\repository\org\springframework\boot\spring-boot-starter-jdbc\2.7.7\spring-boot-starter-jdbc-2.7.7.jar;C:\Users\navil\.m2\repository\com\zaxxer\HikariCP\4.0.3\HikariCP-4.0.3.jar;C:\Users\navil\.m2\repository\org\springframework\spring-jdbc\5.3.24\spring-jdbc-5.3.24.jar;C:\Users\navil\.m2\repository\jakarta\transaction\jakarta.transaction-api\1.3.3\jakarta.transaction-api-1.3.3.jar;C:\Users\navil\.m2\repository\jakarta\persistence\jakarta.persistence-api\2.2.3\jakarta.persistence-api-2.2.3.jar;C:\Users\navil\.m2\repository\org\hibernate\hibernate-core\5.6.14.Final\hibernate-core-5.6.14.Final.jar;C:\Users\navil\.m2\repository\net\bytebuddy\byte-buddy\1.12.20\byte-buddy-1.12.20.jar;C:\Users\navil\.m2\repository\antlr\antlr\2.7.7\antlr-2.7.7.jar;C:\Users\navil\.m2\repository\org\jboss\jandex\2.4.2.Final\jandex-2.4.2.Final.jar;C:\Users\navil\.m2\repository\org\hibernate\common\hibernate-commons-annotations\5.1.2.Final\hibernate-commons-annotations-5.1.2.Final.jar;C:\Users\navil\.m2\repository\org\glassfish\jaxb\jaxb-runtime\2.3.7\jaxb-runtime-2.3.7.jar;C:\Users\navil\.m2\repository\org\glassfish\jaxb\txw2\2.3.7\txw2-2.3.7.jar;C:\Users\navil\.m2\repository\com\sun\istack\istack-commons-runtime\3.0.12\istack-commons-runtime-3.0.12.jar;C:\Users\navil\.m2\repository\com\sun\activation\jakarta.activation\1.2.2\jakarta.activation-1.2.2.jar;C:\Users\navil\.m2\repository\org\springframework\data\spring-data-jpa\2.7.6\spring-data-jpa-2.7.6.jar;C:\Users\navil\.m2\repository\org\spr
Launcher Type: SUN_STANDARD

Environment Variables:
JAVA_HOME=C:\Program Files\Java\jdk1.8.0_301
PATH=C:\WINDOWS\system32;%JAVA_HOME%\bin;C:\Program Files\Apache Software Foundation\Tomcat 10.0\bin;C:\WINDOWS\system32;C:\WINDOWS;C:\WINDOWS\System32\Wbem;C:\WINDOWS\System32\WindowsPowerShell\v1.0\;C:\Program Files\Git\cmd;C:\Program Files\dotnet\;C:\Program Files\nodejs;C:\Users\navil\AppData\Local\Programs\Python\Python39\Scripts\;C:\Users\navil\AppData\Local\Programs\Python\Python39\;C:\Users\navil\AppData\Local\Microsoft\WindowsApps;C:\Users\navil\AppData\Roaming\npm;C:\Program Files\Azure Data Studio\bin;C:\Users\navil\AppData\Local\GitHubDesktop\bin;C:\Users\navil\AppData\Local\Programs\Microsoft VS Code\bin;C:\Users\navil\.dotnet\tools
USERNAME=navil
OS=Windows_NT
PROCESSOR_IDENTIFIER=Intel64 Family 6 Model 142 Stepping 10, GenuineIntel



---------------  S Y S T E M  ---------------

OS: Windows 10.0 , 64 bit Build 22000 (10.0.22000.1516)

CPU:total 4 (initial active 4) (2 cores per cpu, 2 threads per core) family 6 model 142 stepping 10, cmov, cx8, fxsr, mmx, sse, sse2, sse3, ssse3, sse4.1, sse4.2, popcnt, avx, avx2, aes, clmul, erms, 3dnowpref, lzcnt, ht, tsc, tscinvbit, bmi1, bmi2, adx

Memory: 4k page, physical 12448676k(2708552k free), swap 12448676k(5528k free)

vm_info: Java HotSpot(TM) 64-Bit Server VM (25.301-b09) for windows-amd64 JRE (1.8.0_301-b09), built on Jun  9 2021 06:46:21 by "java_re" with MS VC++ 15.9 (VS2017)

time: Sun Mar 26 15:16:06 2023
timezone: Hora estándar de Argentina
elapsed time: 13.264678 seconds (0d 0h 0m 13s)

