#
# There is insufficient memory for the Java Runtime Environment to continue.
# Native memory allocation (malloc) failed to allocate 472816 bytes for Chunk::new
# Possible reasons:
#   The system is out of physical RAM or swap space
#   The process is running with CompressedOops enabled, and the Java Heap may be blocking the growth of the native heap
# Possible solutions:
#   Reduce memory load on the system
#   Increase physical memory or swap space
#   Check if swap backing store is full
#   Decrease Java heap size (-Xmx/-Xms)
#   Decrease number of Java threads
#   Decrease Java thread stack sizes (-Xss)
#   Set larger code cache with -XX:ReservedCodeCacheSize=
#   JVM is running with Zero Based Compressed Oops mode in which the Java heap is
#     placed in the first 32GB address space. The Java Heap base address is the
#     maximum limit for the native heap growth. Please use -XX:HeapBaseMinAddress
#     to set the Java Heap base and to place the Java Heap above 32GB virtual address.
# This output file may be truncated or incomplete.
#
#  Out of Memory Error (allocation.cpp:389), pid=7304, tid=0x00000000000036fc
#
# JRE version: Java(TM) SE Runtime Environment (8.0_301-b09) (build 1.8.0_301-b09)
# Java VM: Java HotSpot(TM) 64-Bit Server VM (25.301-b09 mixed mode windows-amd64 compressed oops)
# Failed to write core dump. Minidumps are not enabled by default on client versions of Windows
#

---------------  T H R E A D  ---------------

Current thread (0x0000029918d20800):  JavaThread "C2 CompilerThread0" daemon [_thread_in_native, id=14076, stack(0x000000abc7f00000,0x000000abc8000000)]

Stack: [0x000000abc7f00000,0x000000abc8000000]
Native frames: (J=compiled Java code, j=interpreted, Vv=VM code, C=native code)
V  [jvm.dll+0x32ed79]
V  [jvm.dll+0x275722]
V  [jvm.dll+0x2763cd]
V  [jvm.dll+0x26ce05]
V  [jvm.dll+0xd551c]
V  [jvm.dll+0xd5d1c]
V  [jvm.dll+0x470143]
V  [jvm.dll+0x437e08]
V  [jvm.dll+0x440c55]
V  [jvm.dll+0x440015]
V  [jvm.dll+0x42ae57]
V  [jvm.dll+0xac1bb]
V  [jvm.dll+0xaa81b]
V  [jvm.dll+0x23ddc2]
V  [jvm.dll+0x2923dc]
C  [ucrtbase.dll+0x26c0c]
C  [KERNEL32.DLL+0x155a0]
C  [ntdll.dll+0x485b]


Current CompileTask:
C2:1170857 6502       4       org.springframework.core.ResolvableType::forType (115 bytes)


---------------  P R O C E S S  ---------------

Java Threads: ( => current thread )
  0x000002991e326000 JavaThread "DestroyJavaVM" [_thread_blocked, id=8196, stack(0x000000abc7500000,0x000000abc7600000)]
  0x000002991e32b000 JavaThread "http-nio-8080-Acceptor" daemon [_thread_in_native, id=7128, stack(0x000000abc9a00000,0x000000abc9b00000)]
  0x000002991e325800 JavaThread "http-nio-8080-Poller" daemon [_thread_in_native, id=14984, stack(0x000000abc9900000,0x000000abc9a00000)]
  0x000002991e32a000 JavaThread "http-nio-8080-exec-10" daemon [_thread_blocked, id=1548, stack(0x000000abc9800000,0x000000abc9900000)]
  0x000002991e32c800 JavaThread "http-nio-8080-exec-9" daemon [_thread_blocked, id=8520, stack(0x000000abc9700000,0x000000abc9800000)]
  0x000002991e327000 JavaThread "http-nio-8080-exec-8" daemon [_thread_blocked, id=13608, stack(0x000000abc9600000,0x000000abc9700000)]
  0x000002991e329800 JavaThread "http-nio-8080-exec-7" daemon [_thread_blocked, id=13032, stack(0x000000abc9500000,0x000000abc9600000)]
  0x000002991e328800 JavaThread "http-nio-8080-exec-6" daemon [_thread_blocked, id=13280, stack(0x000000abc9400000,0x000000abc9500000)]
  0x000002991e328000 JavaThread "http-nio-8080-exec-5" daemon [_thread_blocked, id=8372, stack(0x000000abc9300000,0x000000abc9400000)]
  0x000002991e324800 JavaThread "http-nio-8080-exec-4" daemon [_thread_blocked, id=964, stack(0x000000abc9200000,0x000000abc9300000)]
  0x00000299211f0800 JavaThread "http-nio-8080-exec-3" daemon [_thread_blocked, id=7260, stack(0x000000abc9100000,0x000000abc9200000)]
  0x00000299211ea800 JavaThread "http-nio-8080-exec-2" daemon [_thread_blocked, id=15284, stack(0x000000abc9000000,0x000000abc9100000)]
  0x00000299211ef800 JavaThread "http-nio-8080-exec-1" daemon [_thread_blocked, id=12068, stack(0x000000abc8f00000,0x000000abc9000000)]
  0x00000299211ee000 JavaThread "Live Reload Server" daemon [_thread_in_native, id=5232, stack(0x000000abc8e00000,0x000000abc8f00000)]
  0x00000299211ec800 JavaThread "File Watcher" daemon [_thread_blocked, id=11376, stack(0x000000abc8d00000,0x000000abc8e00000)]
  0x00000299211f1000 JavaThread "container-0" [_thread_blocked, id=14120, stack(0x000000abc8c00000,0x000000abc8d00000)]
  0x00000299211ef000 JavaThread "Catalina-utility-2" [_thread_blocked, id=11568, stack(0x000000abc8b00000,0x000000abc8c00000)]
  0x00000299211ec000 JavaThread "Catalina-utility-1" [_thread_blocked, id=9412, stack(0x000000abc8a00000,0x000000abc8b00000)]
  0x00000299211ed800 JavaThread "HikariPool-1 housekeeper" daemon [_thread_blocked, id=3560, stack(0x000000abc8800000,0x000000abc8900000)]
  0x000002991fd30800 JavaThread "mysql-cj-abandoned-connection-cleanup" daemon [_thread_blocked, id=12896, stack(0x000000abc8600000,0x000000abc8700000)]
  0x0000029918da9800 JavaThread "Service Thread" daemon [_thread_blocked, id=13892, stack(0x000000abc8200000,0x000000abc8300000)]
  0x0000029918d35800 JavaThread "C1 CompilerThread2" daemon [_thread_blocked, id=9148, stack(0x000000abc8100000,0x000000abc8200000)]
  0x0000029918d31800 JavaThread "C2 CompilerThread1" daemon [_thread_blocked, id=13992, stack(0x000000abc8000000,0x000000abc8100000)]
=>0x0000029918d20800 JavaThread "C2 CompilerThread0" daemon [_thread_in_native, id=14076, stack(0x000000abc7f00000,0x000000abc8000000)]
  0x0000029918d1b000 JavaThread "Attach Listener" daemon [_thread_blocked, id=3848, stack(0x000000abc7e00000,0x000000abc7f00000)]
  0x0000029918d1a000 JavaThread "Signal Dispatcher" daemon [_thread_blocked, id=15556, stack(0x000000abc7d00000,0x000000abc7e00000)]
  0x0000029918cf8800 JavaThread "Finalizer" daemon [_thread_blocked, id=15560, stack(0x000000abc7c00000,0x000000abc7d00000)]
  0x0000029918cf0000 JavaThread "Reference Handler" daemon [_thread_blocked, id=12740, stack(0x000000abc7b00000,0x000000abc7c00000)]

Other Threads:
  0x0000029918cc5800 VMThread [stack: 0x000000abc7a00000,0x000000abc7b00000] [id=14908]
  0x0000029918dcd000 WatcherThread [stack: 0x000000abc8300000,0x000000abc8400000] [id=3304]

VM state:not at safepoint (normal execution)

VM Mutex/Monitor currently owned by a thread: None

heap address: 0x0000000702000000, size: 3040 MB, Compressed Oops mode: Zero based, Oop shift amount: 3
Narrow klass base: 0x0000000000000000, Narrow klass shift: 3
Compressed class space size: 1073741824 Address: 0x00000007c0000000

Heap:
 PSYoungGen      total 319488K, used 60057K [0x0000000780b00000, 0x0000000796900000, 0x00000007c0000000)
  eden space 306688K, 15% used [0x0000000780b00000,0x0000000783989290,0x0000000793680000)
  from space 12800K, 96% used [0x0000000795c80000,0x000000079689d3c0,0x0000000796900000)
  to   space 18944K, 0% used [0x0000000794400000,0x0000000794400000,0x0000000795680000)
 ParOldGen       total 156672K, used 21435K [0x0000000702000000, 0x000000070b900000, 0x0000000780b00000)
  object space 156672K, 13% used [0x0000000702000000,0x00000007034eefc8,0x000000070b900000)
 Metaspace       used 65350K, capacity 69482K, committed 69720K, reserved 1110016K
  class space    used 8838K, capacity 9574K, committed 9600K, reserved 1048576K

Card table byte_map: [0x00000299113f0000,0x00000299119f0000] byte_map_base: 0x000002990dbe0000

Marking Bits: (ParMarkBitMap*) 0x000000005aa47fe0
 Begin Bits: [0x0000029911df0000, 0x0000029914d70000)
 End Bits:   [0x0000029914d70000, 0x0000029917cf0000)

Polling page: 0x0000029902000000

CodeCache: size=245760Kb used=16882Kb max_used=16948Kb free=228877Kb
 bounds [0x0000029902030000, 0x00000299030e0000, 0x0000029911030000]
 total_blobs=6145 nmethods=5575 adapters=481
 compilation: enabled

Compilation events (10 events):
Event: 1170.362 Thread 0x0000029918d35800 6501   !   3       java.io.PrintWriter::write (58 bytes)
Event: 1170.363 Thread 0x0000029918d35800 nmethod 6501 0x0000029902b8f850 code [0x0000029902b8fa00, 0x0000029902b900b0]
Event: 1170.363 Thread 0x0000029918d35800 6503       3       com.fasterxml.jackson.databind.DatabindContext::<init> (5 bytes)
Event: 1170.363 Thread 0x0000029918d35800 nmethod 6503 0x0000029902e0dbd0 code [0x0000029902e0dd20, 0x0000029902e0ded8]
Event: 1170.363 Thread 0x0000029918d35800 6494       3       ch.qos.logback.classic.spi.PackagingDataCalculator::computeBySTEP (81 bytes)
Event: 1170.365 Thread 0x0000029918d35800 nmethod 6494 0x0000029902a77ed0 code [0x0000029902a780c0, 0x0000029902a78a30]
Event: 1170.365 Thread 0x0000029918d35800 6499       1       org.springframework.web.servlet.mvc.condition.AbstractMediaTypeExpression::getMediaType (5 bytes)
Event: 1170.365 Thread 0x0000029918d35800 nmethod 6499 0x0000029902b8f590 code [0x0000029902b8f6e0, 0x0000029902b8f7f8]
Event: 1170.365 Thread 0x0000029918d35800 6504       3       org.apache.coyote.RequestInfo::setStage (6 bytes)
Event: 1170.365 Thread 0x0000029918d35800 nmethod 6504 0x0000029902480f10 code [0x0000029902481060, 0x00000299024811b8]

GC Heap History (10 events):
Event: 4.428 GC heap before
{Heap before GC invocations=9 (full 2):
 PSYoungGen      total 205312K, used 10749K [0x0000000780b00000, 0x0000000791b00000, 0x00000007c0000000)
  eden space 194560K, 0% used [0x0000000780b00000,0x0000000780b00000,0x000000078c900000)
  from space 10752K, 99% used [0x000000078c900000,0x000000078d37f7a0,0x000000078d380000)
  to   space 13312K, 0% used [0x0000000790e00000,0x0000000790e00000,0x0000000791b00000)
 ParOldGen       total 73216K, used 8276K [0x0000000702000000, 0x0000000706780000, 0x0000000780b00000)
  object space 73216K, 11% used [0x0000000702000000,0x00000007028153a8,0x0000000706780000)
 Metaspace       used 33206K, capacity 35376K, committed 35416K, reserved 1079296K
  class space    used 4298K, capacity 4704K, committed 4736K, reserved 1048576K
Event: 4.517 GC heap after
Heap after GC invocations=9 (full 2):
 PSYoungGen      total 205312K, used 0K [0x0000000780b00000, 0x0000000791b00000, 0x00000007c0000000)
  eden space 194560K, 0% used [0x0000000780b00000,0x0000000780b00000,0x000000078c900000)
  from space 10752K, 0% used [0x000000078c900000,0x000000078c900000,0x000000078d380000)
  to   space 13312K, 0% used [0x0000000790e00000,0x0000000790e00000,0x0000000791b00000)
 ParOldGen       total 117760K, used 17447K [0x0000000702000000, 0x0000000709300000, 0x0000000780b00000)
  object space 117760K, 14% used [0x0000000702000000,0x0000000703109ec0,0x0000000709300000)
 Metaspace       used 33206K, capacity 35376K, committed 35416K, reserved 1079296K
  class space    used 4298K, capacity 4704K, committed 4736K, reserved 1048576K
}
Event: 7.226 GC heap before
{Heap before GC invocations=10 (full 2):
 PSYoungGen      total 205312K, used 194560K [0x0000000780b00000, 0x0000000791b00000, 0x00000007c0000000)
  eden space 194560K, 100% used [0x0000000780b00000,0x000000078c900000,0x000000078c900000)
  from space 10752K, 0% used [0x000000078c900000,0x000000078c900000,0x000000078d380000)
  to   space 13312K, 0% used [0x0000000790e00000,0x0000000790e00000,0x0000000791b00000)
 ParOldGen       total 117760K, used 17447K [0x0000000702000000, 0x0000000709300000, 0x0000000780b00000)
  object space 117760K, 14% used [0x0000000702000000,0x0000000703109ec0,0x0000000709300000)
 Metaspace       used 55003K, capacity 58374K, committed 58584K, reserved 1099776K
  class space    used 7521K, capacity 8112K, committed 8192K, reserved 1048576K
Event: 7.257 GC heap after
Heap after GC invocations=10 (full 2):
 PSYoungGen      total 258560K, used 13307K [0x0000000780b00000, 0x0000000794980000, 0x00000007c0000000)
  eden space 245248K, 0% used [0x0000000780b00000,0x0000000780b00000,0x000000078fa80000)
  from space 13312K, 99% used [0x0000000790e00000,0x0000000791afecd0,0x0000000791b00000)
  to   space 19968K, 0% used [0x000000078fa80000,0x000000078fa80000,0x0000000790e00000)
 ParOldGen       total 117760K, used 28285K [0x0000000702000000, 0x0000000709300000, 0x0000000780b00000)
  object space 117760K, 24% used [0x0000000702000000,0x0000000703b9f7d0,0x0000000709300000)
 Metaspace       used 55003K, capacity 58374K, committed 58584K, reserved 1099776K
  class space    used 7521K, capacity 8112K, committed 8192K, reserved 1048576K
}
Event: 7.427 GC heap before
{Heap before GC invocations=11 (full 2):
 PSYoungGen      total 258560K, used 31251K [0x0000000780b00000, 0x0000000794980000, 0x00000007c0000000)
  eden space 245248K, 7% used [0x0000000780b00000,0x0000000781c85fe8,0x000000078fa80000)
  from space 13312K, 99% used [0x0000000790e00000,0x0000000791afecd0,0x0000000791b00000)
  to   space 19968K, 0% used [0x000000078fa80000,0x000000078fa80000,0x0000000790e00000)
 ParOldGen       total 117760K, used 28285K [0x0000000702000000, 0x0000000709300000, 0x0000000780b00000)
  object space 117760K, 24% used [0x0000000702000000,0x0000000703b9f7d0,0x0000000709300000)
 Metaspace       used 55648K, capacity 58976K, committed 59028K, reserved 1099776K
  class space    used 7617K, capacity 8183K, committed 8192K, reserved 1048576K
Event: 7.438 GC heap after
Heap after GC invocations=11 (full 2):
 PSYoungGen      total 265216K, used 8965K [0x0000000780b00000, 0x0000000796f00000, 0x00000007c0000000)
  eden space 245248K, 0% used [0x0000000780b00000,0x0000000780b00000,0x000000078fa80000)
  from space 19968K, 44% used [0x000000078fa80000,0x00000007903414a8,0x0000000790e00000)
  to   space 18944K, 0% used [0x0000000795c80000,0x0000000795c80000,0x0000000796f00000)
 ParOldGen       total 117760K, used 28293K [0x0000000702000000, 0x0000000709300000, 0x0000000780b00000)
  object space 117760K, 24% used [0x0000000702000000,0x0000000703ba17d0,0x0000000709300000)
 Metaspace       used 55648K, capacity 58976K, committed 59028K, reserved 1099776K
  class space    used 7617K, capacity 8183K, committed 8192K, reserved 1048576K
}
Event: 7.438 GC heap before
{Heap before GC invocations=12 (full 3):
 PSYoungGen      total 265216K, used 8965K [0x0000000780b00000, 0x0000000796f00000, 0x00000007c0000000)
  eden space 245248K, 0% used [0x0000000780b00000,0x0000000780b00000,0x000000078fa80000)
  from space 19968K, 44% used [0x000000078fa80000,0x00000007903414a8,0x0000000790e00000)
  to   space 18944K, 0% used [0x0000000795c80000,0x0000000795c80000,0x0000000796f00000)
 ParOldGen       total 117760K, used 28293K [0x0000000702000000, 0x0000000709300000, 0x0000000780b00000)
  object space 117760K, 24% used [0x0000000702000000,0x0000000703ba17d0,0x0000000709300000)
 Metaspace       used 55648K, capacity 58976K, committed 59028K, reserved 1099776K
  class space    used 7617K, capacity 8183K, committed 8192K, reserved 1048576K
Event: 7.594 GC heap after
Heap after GC invocations=12 (full 3):
 PSYoungGen      total 265216K, used 0K [0x0000000780b00000, 0x0000000796f00000, 0x00000007c0000000)
  eden space 245248K, 0% used [0x0000000780b00000,0x0000000780b00000,0x000000078fa80000)
  from space 19968K, 0% used [0x000000078fa80000,0x000000078fa80000,0x0000000790e00000)
  to   space 18944K, 0% used [0x0000000795c80000,0x0000000795c80000,0x0000000796f00000)
 ParOldGen       total 156672K, used 21427K [0x0000000702000000, 0x000000070b900000, 0x0000000780b00000)
  object space 156672K, 13% used [0x0000000702000000,0x00000007034ecfc8,0x000000070b900000)
 Metaspace       used 55633K, capacity 58952K, committed 59028K, reserved 1099776K
  class space    used 7615K, capacity 8179K, committed 8192K, reserved 1048576K
}
Event: 932.369 GC heap before
{Heap before GC invocations=13 (full 3):
 PSYoungGen      total 265216K, used 245248K [0x0000000780b00000, 0x0000000796f00000, 0x00000007c0000000)
  eden space 245248K, 100% used [0x0000000780b00000,0x000000078fa80000,0x000000078fa80000)
  from space 19968K, 0% used [0x000000078fa80000,0x000000078fa80000,0x0000000790e00000)
  to   space 18944K, 0% used [0x0000000795c80000,0x0000000795c80000,0x0000000796f00000)
 ParOldGen       total 156672K, used 21427K [0x0000000702000000, 0x000000070b900000, 0x0000000780b00000)
  object space 156672K, 13% used [0x0000000702000000,0x00000007034ecfc8,0x000000070b900000)
 Metaspace       used 65009K, capacity 69092K, committed 69208K, reserved 1110016K
  class space    used 8831K, capacity 9563K, committed 9600K, reserved 1048576K
Event: 932.453 GC heap after
Heap after GC invocations=13 (full 3):
 PSYoungGen      total 319488K, used 12404K [0x0000000780b00000, 0x0000000796900000, 0x00000007c0000000)
  eden space 306688K, 0% used [0x0000000780b00000,0x0000000780b00000,0x0000000793680000)
  from space 12800K, 96% used [0x0000000795c80000,0x000000079689d3c0,0x0000000796900000)
  to   space 18944K, 0% used [0x0000000794400000,0x0000000794400000,0x0000000795680000)
 ParOldGen       total 156672K, used 21435K [0x0000000702000000, 0x000000070b900000, 0x0000000780b00000)
  object space 156672K, 13% used [0x0000000702000000,0x00000007034eefc8,0x000000070b900000)
 Metaspace       used 65009K, capacity 69092K, committed 69208K, reserved 1110016K
  class space    used 8831K, capacity 9563K, committed 9600K, reserved 1048576K
}

Deoptimization events (10 events):
Event: 177.739 Thread 0x000002991e329800 Uncommon trap: reason=unstable_if action=reinterpret pc=0x0000029902820a78 method=java.util.StringTokenizer.scanToken(I)I @ 96
Event: 177.923 Thread 0x000002991e329800 Uncommon trap: reason=unstable_if action=reinterpret pc=0x0000029902151880 method=java.lang.CharacterData.of(I)Ljava/lang/CharacterData; @ 4
Event: 177.944 Thread 0x000002991e329800 Uncommon trap: reason=bimorphic action=maybe_recompile pc=0x0000029902d02db4 method=java.lang.Throwable.<init>(Ljava/lang/String;Ljava/lang/Throwable;)V @ 24
Event: 188.898 Thread 0x000002991e328800 Uncommon trap: reason=unstable_if action=reinterpret pc=0x00000299026e61d8 method=org.springframework.util.ConcurrentReferenceHashMap$Segment.restructure(ZLorg/springframework/util/ConcurrentReferenceHashMap$Reference;)V @ 69
Event: 188.909 Thread 0x000002991e328800 Uncommon trap: reason=bimorphic action=maybe_recompile pc=0x0000029902d02db4 method=java.lang.Throwable.<init>(Ljava/lang/String;Ljava/lang/Throwable;)V @ 24
Event: 190.117 Thread 0x000002991e328800 Uncommon trap: reason=unstable_if action=reinterpret pc=0x00000299024daefc method=sun.net.util.IPAddressUtil.scan(Ljava/lang/String;JJ[C)I @ 14
Event: 190.207 Thread 0x000002991e328800 Uncommon trap: reason=unstable_if action=reinterpret pc=0x0000029902341070 method=java.util.Properties$LineReader.readLine()I @ 252
Event: 190.208 Thread 0x000002991e328800 Uncommon trap: reason=unstable_if action=reinterpret pc=0x0000029902335c90 method=java.util.Properties$LineReader.readLine()I @ 252
Event: 190.302 Thread 0x000002991e324800 Uncommon trap: reason=unstable_if action=reinterpret pc=0x00000299024df2c0 method=java.lang.Class.annotationData()Ljava/lang/Class$AnnotationData; @ 36
Event: 250.847 Thread 0x00000299211ea800 Uncommon trap: reason=unstable_if action=reinterpret pc=0x00000299024deba4 method=java.util.concurrent.ConcurrentHashMap.addCount(JI)V @ 34

Classes redefined (0 events):
No events

Internal exceptions (10 events):
Event: 8.178 Thread 0x000002991ab4d000 Exception <a 'java/lang/IncompatibleClassChangeError': Found class java.lang.Object, but interface was expected> (0x0000000782333eb8) thrown at [C:\jenkins\workspace\8-2-build-windows-amd64-cygwin\jdk8u301\1513\hotspot\src\share\vm\interpreter\linkResolve
Event: 8.251 Thread 0x000002991ab4d000 Exception <a 'java/lang/NoSuchMethodError': java.lang.Object.lambda$byAnnotation$0(Lorg/springframework/core/annotation/MergedAnnotations$SearchStrategy;Ljava/lang/Class;Ljava/lang/Class;)Z> (0x0000000782723e58) thrown at [C:\jenkins\workspace\8-2-build-w
Event: 8.277 Thread 0x000002991ab4d000 Implicit null exception at 0x000002990217ef33 to 0x000002990217f3e5
Event: 177.633 Thread 0x000002991e328000 Exception <a 'java/lang/NoSuchMethodError': java.lang.Object.lambda$mapIfAllPresent$6(Ljava/util/Optional;Ljava/util/function/BiFunction;Ljava/lang/Object;)Ljava/util/Optional;> (0x00000007871b0e10) thrown at [C:\jenkins\workspace\8-2-build-windows-amd64-
Event: 177.634 Thread 0x000002991e328000 Exception <a 'java/lang/NoSuchMethodError': java.lang.Object.lambda$null$5(Ljava/util/function/BiFunction;Ljava/lang/Object;Ljava/lang/Object;)Ljava/lang/Object;> (0x00000007871b5920) thrown at [C:\jenkins\workspace\8-2-build-windows-amd64-cygwin\jdk8u301
Event: 177.773 Thread 0x000002991e328000 Exception <a 'java/lang/NoSuchMethodError': java.lang.Object.lambda$static$0(Lorg/hibernate/type/EntityType;Ljava/lang/Object;Lorg/hibernate/engine/spi/SharedSessionContractImplementor;Ljava/lang/Object;Ljava/lang/Boolean;)Ljava/lang/Object;> (0x000000078
Event: 932.279 Thread 0x00000299211ea800 Exception <a 'java/lang/reflect/InvocationTargetException'> (0x000000078a5fe040) thrown at [C:\jenkins\workspace\8-2-build-windows-amd64-cygwin\jdk8u301\1513\hotspot\src\share\vm\runtime\reflection.cpp, line 1092]
Event: 939.158 Thread 0x000002991e327000 Exception <a 'java/lang/reflect/InvocationTargetException'> (0x0000000781597b88) thrown at [C:\jenkins\workspace\8-2-build-windows-amd64-cygwin\jdk8u301\1513\hotspot\src\share\vm\runtime\reflection.cpp, line 1092]
Event: 1073.515 Thread 0x000002991e327000 Exception <a 'java/lang/reflect/InvocationTargetException'> (0x00000007816a3a20) thrown at [C:\jenkins\workspace\8-2-build-windows-amd64-cygwin\jdk8u301\1513\hotspot\src\share\vm\runtime\reflection.cpp, line 1092]
Event: 1170.349 Thread 0x00000299211ea800 Exception <a 'java/lang/reflect/InvocationTargetException'> (0x0000000780bd4368) thrown at [C:\jenkins\workspace\8-2-build-windows-amd64-cygwin\jdk8u301\1513\hotspot\src\share\vm\runtime\reflection.cpp, line 1092]

Events (10 events):
Event: 1170.350 Thread 0x0000029918d35800 flushing nmethod 0x0000029902ca7dd0
Event: 1170.350 Thread 0x0000029918d35800 flushing nmethod 0x0000029902cb71d0
Event: 1170.350 Thread 0x0000029918d35800 flushing nmethod 0x0000029902cb7510
Event: 1170.351 loading class com/portfolio/mgb/Service/SExperiencia$$FastClassBySpringCGLIB$$c5a59ab2
Event: 1170.351 loading class com/portfolio/mgb/Service/SExperiencia$$FastClassBySpringCGLIB$$c5a59ab2 done
Event: 1170.352 loading class com/portfolio/mgb/Service/SExperiencia$$EnhancerBySpringCGLIB$$149bbc4
Event: 1170.352 loading class com/portfolio/mgb/Service/SExperiencia$$EnhancerBySpringCGLIB$$149bbc4 done
Event: 1170.354 Thread 0x0000029918d35800 flushing nmethod 0x0000029902e08a90
Event: 1170.354 Thread 0x0000029918d35800 flushing nmethod 0x0000029902e0dbd0
Event: 1170.354 Thread 0x0000029918d35800 flushing nmethod 0x0000029902e37e50


Dynamic libraries:
0x00007ff740fb0000 - 0x00007ff740ff7000 	C:\Program Files\Java\jdk1.8.0_301\bin\java.exe
0x00007ffb382a0000 - 0x00007ffb384a9000 	C:\WINDOWS\SYSTEM32\ntdll.dll
0x00007ffb187a0000 - 0x00007ffb187b9000 	C:\Program Files\Avast Software\Avast\aswhook.dll
0x00007ffb36d80000 - 0x00007ffb36e3e000 	C:\WINDOWS\System32\KERNEL32.DLL
0x00007ffb35770000 - 0x00007ffb35aec000 	C:\WINDOWS\System32\KERNELBASE.dll
0x00007ffb38030000 - 0x00007ffb380de000 	C:\WINDOWS\System32\ADVAPI32.dll
0x00007ffb36c60000 - 0x00007ffb36d03000 	C:\WINDOWS\System32\msvcrt.dll
0x00007ffb37160000 - 0x00007ffb371fe000 	C:\WINDOWS\System32\sechost.dll
0x00007ffb380e0000 - 0x00007ffb38200000 	C:\WINDOWS\System32\RPCRT4.dll
0x00007ffb372c0000 - 0x00007ffb3746d000 	C:\WINDOWS\System32\USER32.dll
0x00007ffb35f10000 - 0x00007ffb35f36000 	C:\WINDOWS\System32\win32u.dll
0x00007ffb36590000 - 0x00007ffb365b9000 	C:\WINDOWS\System32\GDI32.dll
0x00007ffb35f40000 - 0x00007ffb36058000 	C:\WINDOWS\System32\gdi32full.dll
0x00007ffb35af0000 - 0x00007ffb35b8d000 	C:\WINDOWS\System32\msvcp_win.dll
0x00007ffb35df0000 - 0x00007ffb35f01000 	C:\WINDOWS\System32\ucrtbase.dll
0x00007ffb14b90000 - 0x00007ffb14e35000 	C:\WINDOWS\WinSxS\amd64_microsoft.windows.common-controls_6595b64144ccf1df_6.0.22000.120_none_9d947278b86cc467\COMCTL32.dll
0x00007ffb38220000 - 0x00007ffb38251000 	C:\WINDOWS\System32\IMM32.DLL
0x00007ffb31d70000 - 0x00007ffb31d85000 	C:\Program Files\Java\jdk1.8.0_301\jre\bin\vcruntime140.dll
0x00007ffb1e200000 - 0x00007ffb1e29b000 	C:\Program Files\Java\jdk1.8.0_301\jre\bin\msvcp140.dll
0x000000005a260000 - 0x000000005aac0000 	C:\Program Files\Java\jdk1.8.0_301\jre\bin\server\jvm.dll
0x00007ffb36fe0000 - 0x00007ffb36fe8000 	C:\WINDOWS\System32\PSAPI.DLL
0x00007ffb00320000 - 0x00007ffb00353000 	C:\WINDOWS\SYSTEM32\WINMM.dll
0x00007ffb2fb00000 - 0x00007ffb2fb0a000 	C:\WINDOWS\SYSTEM32\VERSION.dll
0x00007ffb1bc50000 - 0x00007ffb1bc59000 	C:\WINDOWS\SYSTEM32\WSOCK32.dll
0x00007ffb37470000 - 0x00007ffb374df000 	C:\WINDOWS\System32\WS2_32.dll
0x00007ffb347f0000 - 0x00007ffb34808000 	C:\WINDOWS\SYSTEM32\kernel.appcore.dll
0x00007ffb31250000 - 0x00007ffb31260000 	C:\Program Files\Java\jdk1.8.0_301\jre\bin\verify.dll
0x00007ffb1e440000 - 0x00007ffb1e46b000 	C:\Program Files\Java\jdk1.8.0_301\jre\bin\java.dll
0x00007ffb1e6b0000 - 0x00007ffb1e6c8000 	C:\Program Files\Java\jdk1.8.0_301\jre\bin\zip.dll
0x00007ffb377f0000 - 0x00007ffb37fb5000 	C:\WINDOWS\System32\SHELL32.dll
0x00007ffb33760000 - 0x00007ffb33fc5000 	C:\WINDOWS\SYSTEM32\windows.storage.dll
0x00007ffb368c0000 - 0x00007ffb36c36000 	C:\WINDOWS\System32\combase.dll
0x00007ffb335f0000 - 0x00007ffb33756000 	C:\WINDOWS\SYSTEM32\wintypes.dll
0x00007ffb37700000 - 0x00007ffb377ea000 	C:\WINDOWS\System32\SHCORE.dll
0x00007ffb374f0000 - 0x00007ffb3754d000 	C:\WINDOWS\System32\shlwapi.dll
0x00007ffb356a0000 - 0x00007ffb356c1000 	C:\WINDOWS\SYSTEM32\profapi.dll
0x00007ffb31240000 - 0x00007ffb3124d000 	C:\Program Files\Java\jdk1.8.0_301\jre\bin\management.dll
0x00007ffb1e420000 - 0x00007ffb1e43c000 	C:\Program Files\Java\jdk1.8.0_301\jre\bin\net.dll
0x00007ffb34d80000 - 0x00007ffb34de7000 	C:\WINDOWS\system32\mswsock.dll
0x00007ffafe0f0000 - 0x00007ffafe107000 	C:\WINDOWS\system32\napinsp.dll
0x00007ffafff40000 - 0x00007ffafff5b000 	C:\WINDOWS\system32\pnrpnsp.dll
0x00007ffb34390000 - 0x00007ffb34478000 	C:\WINDOWS\SYSTEM32\DNSAPI.dll
0x00007ffb34320000 - 0x00007ffb3434d000 	C:\WINDOWS\SYSTEM32\IPHLPAPI.DLL
0x00007ffb37200000 - 0x00007ffb37209000 	C:\WINDOWS\System32\NSI.dll
0x00007ffafff20000 - 0x00007ffafff32000 	C:\WINDOWS\System32\winrnr.dll
0x00007ffafff60000 - 0x00007ffafff75000 	C:\WINDOWS\system32\wshbth.dll
0x00007ffafe110000 - 0x00007ffafe12f000 	C:\WINDOWS\system32\nlansp_c.dll
0x00007ffb2bd70000 - 0x00007ffb2bd7a000 	C:\Windows\System32\rasadhlp.dll
0x00007ffb2bdd0000 - 0x00007ffb2be51000 	C:\WINDOWS\System32\fwpuclnt.dll
0x00007ffb1e400000 - 0x00007ffb1e413000 	C:\Program Files\Java\jdk1.8.0_301\jre\bin\nio.dll
0x00007ffb34fc0000 - 0x00007ffb34fd8000 	C:\WINDOWS\SYSTEM32\CRYPTSP.dll
0x00007ffb34750000 - 0x00007ffb34785000 	C:\WINDOWS\system32\rsaenh.dll
0x00007ffb34e70000 - 0x00007ffb34e99000 	C:\WINDOWS\SYSTEM32\USERENV.dll
0x00007ffb35150000 - 0x00007ffb35177000 	C:\WINDOWS\SYSTEM32\bcrypt.dll
0x00007ffb35c00000 - 0x00007ffb35c7f000 	C:\WINDOWS\System32\bcryptprimitives.dll
0x00007ffb34fe0000 - 0x00007ffb34fec000 	C:\WINDOWS\SYSTEM32\CRYPTBASE.dll
0x00007ffb2ea60000 - 0x00007ffb2ea79000 	C:\WINDOWS\SYSTEM32\dhcpcsvc6.DLL
0x00007ffb2fcc0000 - 0x00007ffb2fcde000 	C:\WINDOWS\SYSTEM32\dhcpcsvc.DLL
0x00007ffb1e5d0000 - 0x00007ffb1e5f4000 	C:\Program Files\Java\jdk1.8.0_301\jre\bin\sunec.dll
0x00007ffb1e5c0000 - 0x00007ffb1e5cd000 	C:\Program Files\Java\jdk1.8.0_301\jre\bin\sunmscapi.dll
0x00007ffb35c80000 - 0x00007ffb35de2000 	C:\WINDOWS\System32\CRYPT32.dll
0x00007ffb35120000 - 0x00007ffb35148000 	C:\WINDOWS\SYSTEM32\ncrypt.dll
0x00007ffb350e0000 - 0x00007ffb35117000 	C:\WINDOWS\SYSTEM32\NTASN1.dll
0x00007ffb33220000 - 0x00007ffb33441000 	C:\WINDOWS\SYSTEM32\dbghelp.dll

VM Arguments:
java_command: com.portfolio.mgb.MgbApplication
java_class_path (initial): C:\PROYECTOS DE PROGRAMACION\Argentina Programa\Proyecto Final\ProInt_Villavicencio\ProInt_Villavicencio\BACKEND\target\classes;C:\Users\navil\.m2\repository\org\springframework\boot\spring-boot-starter-data-jpa\2.7.7\spring-boot-starter-data-jpa-2.7.7.jar;C:\Users\navil\.m2\repository\org\springframework\boot\spring-boot-starter-aop\2.7.7\spring-boot-starter-aop-2.7.7.jar;C:\Users\navil\.m2\repository\org\aspectj\aspectjweaver\1.9.7\aspectjweaver-1.9.7.jar;C:\Users\navil\.m2\repository\org\springframework\boot\spring-boot-starter-jdbc\2.7.7\spring-boot-starter-jdbc-2.7.7.jar;C:\Users\navil\.m2\repository\com\zaxxer\HikariCP\4.0.3\HikariCP-4.0.3.jar;C:\Users\navil\.m2\repository\org\springframework\spring-jdbc\5.3.24\spring-jdbc-5.3.24.jar;C:\Users\navil\.m2\repository\jakarta\transaction\jakarta.transaction-api\1.3.3\jakarta.transaction-api-1.3.3.jar;C:\Users\navil\.m2\repository\jakarta\persistence\jakarta.persistence-api\2.2.3\jakarta.persistence-api-2.2.3.jar;C:\Users\navil\.m2\repository\org\hibernate\hibernate-core\5.6.14.Final\hibernate-core-5.6.14.Final.jar;C:\Users\navil\.m2\repository\net\bytebuddy\byte-buddy\1.12.20\byte-buddy-1.12.20.jar;C:\Users\navil\.m2\repository\antlr\antlr\2.7.7\antlr-2.7.7.jar;C:\Users\navil\.m2\repository\org\jboss\jandex\2.4.2.Final\jandex-2.4.2.Final.jar;C:\Users\navil\.m2\repository\org\hibernate\common\hibernate-commons-annotations\5.1.2.Final\hibernate-commons-annotations-5.1.2.Final.jar;C:\Users\navil\.m2\repository\org\glassfish\jaxb\jaxb-runtime\2.3.7\jaxb-runtime-2.3.7.jar;C:\Users\navil\.m2\repository\org\glassfish\jaxb\txw2\2.3.7\txw2-2.3.7.jar;C:\Users\navil\.m2\repository\com\sun\istack\istack-commons-runtime\3.0.12\istack-commons-runtime-3.0.12.jar;C:\Users\navil\.m2\repository\com\sun\activation\jakarta.activation\1.2.2\jakarta.activation-1.2.2.jar;C:\Users\navil\.m2\repository\org\springframework\data\spring-data-jpa\2.7.6\spring-data-jpa-2.7.6.jar;C:\Users\navil\.m2\repository\org\spr
Launcher Type: SUN_STANDARD

Environment Variables:
JAVA_HOME=C:\Program Files\Java\jdk1.8.0_301
PATH=C:\WINDOWS\system32;%JAVA_HOME%\bin;C:\Program Files\Apache Software Foundation\Tomcat 10.0\bin;C:\WINDOWS\system32;C:\WINDOWS;C:\WINDOWS\System32\Wbem;C:\WINDOWS\System32\WindowsPowerShell\v1.0\;C:\Program Files\Git\cmd;C:\Program Files\dotnet\;C:\Program Files\nodejs;C:\Users\navil\AppData\Local\Programs\Python\Python39\Scripts\;C:\Users\navil\AppData\Local\Programs\Python\Python39\;C:\Users\navil\AppData\Local\Microsoft\WindowsApps;C:\Users\navil\AppData\Roaming\npm;C:\Program Files\Azure Data Studio\bin;C:\Users\navil\AppData\Local\GitHubDesktop\bin;C:\Users\navil\AppData\Local\Programs\Microsoft VS Code\bin;C:\Users\navil\.dotnet\tools
USERNAME=navil
OS=Windows_NT
PROCESSOR_IDENTIFIER=Intel64 Family 6 Model 142 Stepping 10, GenuineIntel



---------------  S Y S T E M  ---------------

OS: Windows 10.0 , 64 bit Build 22000 (10.0.22000.1516)

CPU:total 4 (initial active 4) (2 cores per cpu, 2 threads per core) family 6 model 142 stepping 10, cmov, cx8, fxsr, mmx, sse, sse2, sse3, ssse3, sse4.1, sse4.2, popcnt, avx, avx2, aes, clmul, erms, 3dnowpref, lzcnt, ht, tsc, tscinvbit, bmi1, bmi2, adx

Memory: 4k page, physical 12448676k(2164840k free), swap 12448676k(11120k free)

vm_info: Java HotSpot(TM) 64-Bit Server VM (25.301-b09) for windows-amd64 JRE (1.8.0_301-b09), built on Jun  9 2021 06:46:21 by "java_re" with MS VC++ 15.9 (VS2017)

time: Sat Mar 25 21:31:07 2023
timezone: Hora estándar de Argentina
elapsed time: 1170.888323 seconds (0d 0h 19m 30s)

