#
# There is insufficient memory for the Java Runtime Environment to continue.
# Native memory allocation (malloc) failed to allocate 1264944 bytes for Chunk::new
# Possible reasons:
#   The system is out of physical RAM or swap space
#   The process is running with CompressedOops enabled, and the Java Heap may be blocking the growth of the native heap
# Possible solutions:
#   Reduce memory load on the system
#   Increase physical memory or swap space
#   Check if swap backing store is full
#   Decrease Java heap size (-Xmx/-Xms)
#   Decrease number of Java threads
#   Decrease Java thread stack sizes (-Xss)
#   Set larger code cache with -XX:ReservedCodeCacheSize=
#   JVM is running with Zero Based Compressed Oops mode in which the Java heap is
#     placed in the first 32GB address space. The Java Heap base address is the
#     maximum limit for the native heap growth. Please use -XX:HeapBaseMinAddress
#     to set the Java Heap base and to place the Java Heap above 32GB virtual address.
# This output file may be truncated or incomplete.
#
#  Out of Memory Error (allocation.cpp:389), pid=8348, tid=0x0000000000001378
#
# JRE version: Java(TM) SE Runtime Environment (8.0_301-b09) (build 1.8.0_301-b09)
# Java VM: Java HotSpot(TM) 64-Bit Server VM (25.301-b09 mixed mode windows-amd64 compressed oops)
# Failed to write core dump. Minidumps are not enabled by default on client versions of Windows
#

---------------  T H R E A D  ---------------

Current thread (0x000001579532d800):  JavaThread "C2 CompilerThread0" daemon [_thread_in_native, id=4984, stack(0x0000000210900000,0x0000000210a00000)]

Stack: [0x0000000210900000,0x0000000210a00000]
Native frames: (J=compiled Java code, j=interpreted, Vv=VM code, C=native code)
V  [jvm.dll+0x32ed79]
V  [jvm.dll+0x275722]
V  [jvm.dll+0x2763cd]
V  [jvm.dll+0x26ce05]
V  [jvm.dll+0xd551c]
V  [jvm.dll+0xd5d1c]
V  [jvm.dll+0x470195]
V  [jvm.dll+0x437c50]
V  [jvm.dll+0x440c55]
V  [jvm.dll+0x440015]
V  [jvm.dll+0x42ae57]
V  [jvm.dll+0xac1bb]
V  [jvm.dll+0xaa81b]
V  [jvm.dll+0x23ddc2]
V  [jvm.dll+0x2923dc]
C  [ucrtbase.dll+0x26c0c]
C  [KERNEL32.DLL+0x155a0]
C  [ntdll.dll+0x485b]


Current CompileTask:
C2:   4737 2381   !   4       org.codehaus.plexus.interpolation.StringSearchInterpolator::interpolate (650 bytes)


---------------  P R O C E S S  ---------------

Java Threads: ( => current thread )
  0x00000157953bb800 JavaThread "Service Thread" daemon [_thread_blocked, id=11468, stack(0x0000000210c00000,0x0000000210d00000)]
  0x000001579533e800 JavaThread "C1 CompilerThread2" daemon [_thread_blocked, id=18304, stack(0x0000000210b00000,0x0000000210c00000)]
  0x000001579532f800 JavaThread "C2 CompilerThread1" daemon [_thread_in_native, id=17420, stack(0x0000000210a00000,0x0000000210b00000)]
=>0x000001579532d800 JavaThread "C2 CompilerThread0" daemon [_thread_in_native, id=4984, stack(0x0000000210900000,0x0000000210a00000)]
  0x0000015795328800 JavaThread "Attach Listener" daemon [_thread_blocked, id=8648, stack(0x0000000210800000,0x0000000210900000)]
  0x0000015795325800 JavaThread "Signal Dispatcher" daemon [_thread_blocked, id=14316, stack(0x0000000210700000,0x0000000210800000)]
  0x0000015795302800 JavaThread "Finalizer" daemon [_thread_blocked, id=18108, stack(0x0000000210600000,0x0000000210700000)]
  0x00000157952fc000 JavaThread "Reference Handler" daemon [_thread_blocked, id=15944, stack(0x0000000210500000,0x0000000210600000)]
  0x00000157fc5b1800 JavaThread "main" [_thread_in_native, id=1076, stack(0x000000020ff00000,0x0000000210000000)]

Other Threads:
  0x00000157952d4000 VMThread [stack: 0x0000000210400000,0x0000000210500000] [id=17144]
  0x00000157953c5000 WatcherThread [stack: 0x0000000210d00000,0x0000000210e00000] [id=17452]

VM state:not at safepoint (normal execution)

VM Mutex/Monitor currently owned by a thread: None

heap address: 0x0000000702000000, size: 3040 MB, Compressed Oops mode: Zero based, Oop shift amount: 3
Narrow klass base: 0x0000000000000000, Narrow klass shift: 3
Compressed class space size: 1073741824 Address: 0x00000007c0000000

Heap:
 PSYoungGen      total 56832K, used 28392K [0x0000000780b00000, 0x0000000787a00000, 0x00000007c0000000)
  eden space 49152K, 42% used [0x0000000780b00000,0x0000000781f42010,0x0000000783b00000)
  from space 7680K, 99% used [0x0000000783b00000,0x0000000784278040,0x0000000784280000)
  to   space 7680K, 0% used [0x0000000787280000,0x0000000787280000,0x0000000787a00000)
 ParOldGen       total 130048K, used 4576K [0x0000000702000000, 0x0000000709f00000, 0x0000000780b00000)
  object space 130048K, 3% used [0x0000000702000000,0x0000000702478318,0x0000000709f00000)
 Metaspace       used 16060K, capacity 16386K, committed 16640K, reserved 1064960K
  class space    used 1885K, capacity 1988K, committed 2048K, reserved 1048576K

Card table byte_map: [0x00000157fe390000,0x00000157fe990000] byte_map_base: 0x00000157fab80000

Marking Bits: (ParMarkBitMap*) 0x0000000060097fe0
 Begin Bits: [0x000001578f000000, 0x0000015791f80000)
 End Bits:   [0x0000015791f80000, 0x0000015794f00000)

Polling page: 0x00000157fc980000

CodeCache: size=245760Kb used=9682Kb max_used=9682Kb free=236077Kb
 bounds [0x0000015780000000, 0x0000015780980000, 0x000001578f000000]
 total_blobs=3185 nmethods=2825 adapters=272
 compilation: enabled

Compilation events (10 events):
Event: 4.535 Thread 0x000001579533e800 nmethod 2746 0x0000015780929750 code [0x00000157809298a0, 0x0000015780929a18]
Event: 4.535 Thread 0x000001579533e800 2747       3       org.eclipse.aether.RepositoryEvent$Builder::setArtifact (7 bytes)
Event: 4.535 Thread 0x000001579533e800 nmethod 2747 0x0000015780929a90 code [0x0000015780929be0, 0x0000015780929d58]
Event: 4.535 Thread 0x000001579533e800 2743       3       java.io.FileInputStream::read (9 bytes)
Event: 4.536 Thread 0x000001579533e800 nmethod 2743 0x0000015780929dd0 code [0x0000015780929f40, 0x000001578092a0d0]
Event: 4.536 Thread 0x000001579533e800 2748       3       org.eclipse.aether.RepositoryEvent$Builder::build (9 bytes)
Event: 4.536 Thread 0x000001579533e800 nmethod 2748 0x000001578092a190 code [0x000001578092a300, 0x000001578092a4f0]
Event: 4.536 Thread 0x000001579533e800 2744       3       org.eclipse.aether.internal.impl.EnhancedLocalRepositoryManager::getKey (27 bytes)
Event: 4.537 Thread 0x000001579533e800 nmethod 2744 0x000001578092a590 code [0x000001578092a7c0, 0x000001578092b460]
Event: 4.537 Thread 0x000001579533e800 2741       3       java.util.concurrent.ConcurrentHashMap::remove (8 bytes)

GC Heap History (6 events):
Event: 1.084 GC heap before
{Heap before GC invocations=1 (full 0):
 PSYoungGen      total 56832K, used 49152K [0x0000000780b00000, 0x0000000784a00000, 0x00000007c0000000)
  eden space 49152K, 100% used [0x0000000780b00000,0x0000000783b00000,0x0000000783b00000)
  from space 7680K, 0% used [0x0000000784280000,0x0000000784280000,0x0000000784a00000)
  to   space 7680K, 0% used [0x0000000783b00000,0x0000000783b00000,0x0000000784280000)
 ParOldGen       total 130048K, used 0K [0x0000000702000000, 0x0000000709f00000, 0x0000000780b00000)
  object space 130048K, 0% used [0x0000000702000000,0x0000000702000000,0x0000000709f00000)
 Metaspace       used 9439K, capacity 9576K, committed 9728K, reserved 1058816K
  class space    used 1142K, capacity 1212K, committed 1280K, reserved 1048576K
Event: 1.091 GC heap after
Heap after GC invocations=1 (full 0):
 PSYoungGen      total 56832K, used 7414K [0x0000000780b00000, 0x0000000784a00000, 0x00000007c0000000)
  eden space 49152K, 0% used [0x0000000780b00000,0x0000000780b00000,0x0000000783b00000)
  from space 7680K, 96% used [0x0000000783b00000,0x000000078423db18,0x0000000784280000)
  to   space 7680K, 0% used [0x0000000784280000,0x0000000784280000,0x0000000784a00000)
 ParOldGen       total 130048K, used 16K [0x0000000702000000, 0x0000000709f00000, 0x0000000780b00000)
  object space 130048K, 0% used [0x0000000702000000,0x0000000702004000,0x0000000709f00000)
 Metaspace       used 9439K, capacity 9576K, committed 9728K, reserved 1058816K
  class space    used 1142K, capacity 1212K, committed 1280K, reserved 1048576K
}
Event: 2.502 GC heap before
{Heap before GC invocations=2 (full 0):
 PSYoungGen      total 56832K, used 56566K [0x0000000780b00000, 0x0000000784a00000, 0x00000007c0000000)
  eden space 49152K, 100% used [0x0000000780b00000,0x0000000783b00000,0x0000000783b00000)
  from space 7680K, 96% used [0x0000000783b00000,0x000000078423db18,0x0000000784280000)
  to   space 7680K, 0% used [0x0000000784280000,0x0000000784280000,0x0000000784a00000)
 ParOldGen       total 130048K, used 16K [0x0000000702000000, 0x0000000709f00000, 0x0000000780b00000)
  object space 130048K, 0% used [0x0000000702000000,0x0000000702004000,0x0000000709f00000)
 Metaspace       used 15013K, capacity 15324K, committed 15488K, reserved 1062912K
  class space    used 1830K, capacity 1916K, committed 1920K, reserved 1048576K
Event: 2.559 GC heap after
Heap after GC invocations=2 (full 0):
 PSYoungGen      total 56832K, used 7666K [0x0000000780b00000, 0x0000000787a00000, 0x00000007c0000000)
  eden space 49152K, 0% used [0x0000000780b00000,0x0000000780b00000,0x0000000783b00000)
  from space 7680K, 99% used [0x0000000784280000,0x00000007849fc960,0x0000000784a00000)
  to   space 7680K, 0% used [0x0000000783b00000,0x0000000783b00000,0x0000000784280000)
 ParOldGen       total 130048K, used 1987K [0x0000000702000000, 0x0000000709f00000, 0x0000000780b00000)
  object space 130048K, 1% used [0x0000000702000000,0x00000007021f0c88,0x0000000709f00000)
 Metaspace       used 15013K, capacity 15324K, committed 15488K, reserved 1062912K
  class space    used 1830K, capacity 1916K, committed 1920K, reserved 1048576K
}
Event: 4.283 GC heap before
{Heap before GC invocations=3 (full 0):
 PSYoungGen      total 56832K, used 56818K [0x0000000780b00000, 0x0000000787a00000, 0x00000007c0000000)
  eden space 49152K, 100% used [0x0000000780b00000,0x0000000783b00000,0x0000000783b00000)
  from space 7680K, 99% used [0x0000000784280000,0x00000007849fc960,0x0000000784a00000)
  to   space 7680K, 0% used [0x0000000783b00000,0x0000000783b00000,0x0000000784280000)
 ParOldGen       total 130048K, used 1987K [0x0000000702000000, 0x0000000709f00000, 0x0000000780b00000)
  object space 130048K, 1% used [0x0000000702000000,0x00000007021f0c88,0x0000000709f00000)
 Metaspace       used 15756K, capacity 16022K, committed 16384K, reserved 1062912K
  class space    used 1867K, capacity 1954K, committed 2048K, reserved 1048576K
Event: 4.304 GC heap after
Heap after GC invocations=3 (full 0):
 PSYoungGen      total 56832K, used 7648K [0x0000000780b00000, 0x0000000787a00000, 0x00000007c0000000)
  eden space 49152K, 0% used [0x0000000780b00000,0x0000000780b00000,0x0000000783b00000)
  from space 7680K, 99% used [0x0000000783b00000,0x0000000784278040,0x0000000784280000)
  to   space 7680K, 0% used [0x0000000787280000,0x0000000787280000,0x0000000787a00000)
 ParOldGen       total 130048K, used 4576K [0x0000000702000000, 0x0000000709f00000, 0x0000000780b00000)
  object space 130048K, 3% used [0x0000000702000000,0x0000000702478318,0x0000000709f00000)
 Metaspace       used 15756K, capacity 16022K, committed 16384K, reserved 1062912K
  class space    used 1867K, capacity 1954K, committed 2048K, reserved 1048576K
}

Deoptimization events (10 events):
Event: 3.809 Thread 0x00000157fc5b1800 Uncommon trap: reason=speculate_class_check action=maybe_recompile pc=0x000001578053a168 method=java.nio.charset.CharsetDecoder.decode(Ljava/nio/ByteBuffer;Ljava/nio/CharBuffer;Z)Ljava/nio/charset/CoderResult; @ 57
Event: 3.849 Thread 0x00000157fc5b1800 Uncommon trap: reason=unstable_if action=reinterpret pc=0x000001578079337c method=org.apache.maven.model.io.xpp3.MavenXpp3Reader.nextTag(Lorg/codehaus/plexus/util/xml/pull/XmlPullParser;)I @ 9
Event: 4.008 Thread 0x00000157fc5b1800 Uncommon trap: reason=unstable_if action=reinterpret pc=0x0000015780624f1c method=java.util.LinkedHashMap.afterNodeInsertion(Z)V @ 18
Event: 4.191 Thread 0x00000157fc5b1800 Uncommon trap: reason=speculate_class_check action=maybe_recompile pc=0x000001578086ee84 method=java.nio.charset.CharsetDecoder.decode(Ljava/nio/ByteBuffer;Ljava/nio/CharBuffer;Z)Ljava/nio/charset/CoderResult; @ 57
Event: 4.191 Thread 0x00000157fc5b1800 Uncommon trap: reason=class_check action=maybe_recompile pc=0x00000157802ba27c method=java.nio.charset.CharsetDecoder.decode(Ljava/nio/ByteBuffer;Ljava/nio/CharBuffer;Z)Ljava/nio/charset/CoderResult; @ 57
Event: 4.193 Thread 0x00000157fc5b1800 Uncommon trap: reason=speculate_class_check action=maybe_recompile pc=0x000001578086ee84 method=java.nio.charset.CharsetDecoder.decode(Ljava/nio/ByteBuffer;Ljava/nio/CharBuffer;Z)Ljava/nio/charset/CoderResult; @ 57
Event: 4.277 Thread 0x00000157fc5b1800 Uncommon trap: reason=null_check action=make_not_entrant pc=0x00000157808aa5dc method=org.apache.maven.model.validation.DefaultModelValidator.validateEffectiveDependency(Lorg/apache/maven/model/building/ModelProblemCollector;Lorg/apache/maven/model/Depend
Event: 4.280 Thread 0x00000157fc5b1800 Uncommon trap: reason=speculate_class_check action=maybe_recompile pc=0x000001578053a168 method=java.nio.charset.CharsetDecoder.decode(Ljava/nio/ByteBuffer;Ljava/nio/CharBuffer;Z)Ljava/nio/charset/CoderResult; @ 57
Event: 4.476 Thread 0x00000157fc5b1800 Uncommon trap: reason=unstable_if action=reinterpret pc=0x0000015780804b0c method=java.util.HashMap.getNode(ILjava/lang/Object;)Ljava/util/HashMap$Node; @ 53
Event: 4.476 Thread 0x00000157fc5b1800 Uncommon trap: reason=unstable_if action=reinterpret pc=0x000001578037b8c4 method=java.util.HashMap.getNode(ILjava/lang/Object;)Ljava/util/HashMap$Node; @ 53

Classes redefined (0 events):
No events

Internal exceptions (10 events):
Event: 1.876 Thread 0x00000157fc5b1800 Exception <a 'java/lang/NullPointerException'> (0x0000000782e171d8) thrown at [C:\jenkins\workspace\8-2-build-windows-amd64-cygwin\jdk8u301\1513\hotspot\src\share\vm\interpreter\linkResolver.cpp, line 1185]
Event: 1.924 Thread 0x00000157fc5b1800 Implicit null exception at 0x0000015780279716 to 0x0000015780279ac9
Event: 1.925 Thread 0x00000157fc5b1800 Implicit null exception at 0x0000015780206796 to 0x0000015780206b45
Event: 2.264 Thread 0x00000157fc5b1800 Implicit null exception at 0x00000157805c7daf to 0x00000157805c9121
Event: 3.390 Thread 0x00000157fc5b1800 Implicit null exception at 0x0000015780685ccb to 0x0000015780685f71
Event: 3.390 Thread 0x00000157fc5b1800 Implicit null exception at 0x0000015780691dc4 to 0x00000157806926ed
Event: 3.391 Thread 0x00000157fc5b1800 Implicit null exception at 0x00000157803c2255 to 0x00000157803c2455
Event: 3.391 Thread 0x00000157fc5b1800 Implicit null exception at 0x000001578039aa9b to 0x000001578039af3d
Event: 3.579 Thread 0x00000157fc5b1800 Implicit null exception at 0x0000015780767641 to 0x000001578076884d
Event: 4.277 Thread 0x00000157fc5b1800 Implicit null exception at 0x00000157808aa028 to 0x00000157808aa5b9

Events (10 events):
Event: 4.497 loading class org/eclipse/aether/util/graph/visitor/FilteringDependencyVisitor
Event: 4.497 loading class org/eclipse/aether/util/graph/visitor/FilteringDependencyVisitor done
Event: 4.498 loading class org/eclipse/aether/util/graph/visitor/Stack
Event: 4.498 loading class org/eclipse/aether/util/graph/visitor/Stack done
Event: 4.499 loading class org/eclipse/aether/util/graph/visitor/TreeDependencyVisitor
Event: 4.499 loading class org/eclipse/aether/util/graph/visitor/TreeDependencyVisitor done
Event: 4.505 Thread 0x00000157fc5b1800 DEOPT PACKING pc=0x000001578053fe9a sp=0x000000020fffdb60
Event: 4.505 Thread 0x00000157fc5b1800 DEOPT UNPACKING pc=0x0000015780047898 sp=0x000000020fffd8c8 mode 0
Event: 4.525 Thread 0x00000157fc5b1800 DEOPT PACKING pc=0x000001578053fe9a sp=0x000000020fffdb60
Event: 4.525 Thread 0x00000157fc5b1800 DEOPT UNPACKING pc=0x0000015780047898 sp=0x000000020fffd8c8 mode 0


Dynamic libraries:
0x00007ff68aba0000 - 0x00007ff68abe7000 	C:\Program Files\Java\jdk1.8.0_301\bin\java.exe
0x00007ffd4aee0000 - 0x00007ffd4b0e9000 	C:\WINDOWS\SYSTEM32\ntdll.dll
0x00007ffd0d870000 - 0x00007ffd0d889000 	C:\Program Files\Avast Software\Avast\aswhook.dll
0x00007ffd4a200000 - 0x00007ffd4a2be000 	C:\WINDOWS\System32\KERNEL32.DLL
0x00007ffd486d0000 - 0x00007ffd48a4c000 	C:\WINDOWS\System32\KERNELBASE.dll
0x00007ffd4a8c0000 - 0x00007ffd4a96e000 	C:\WINDOWS\System32\ADVAPI32.dll
0x00007ffd490e0000 - 0x00007ffd49183000 	C:\WINDOWS\System32\msvcrt.dll
0x00007ffd4a2c0000 - 0x00007ffd4a35e000 	C:\WINDOWS\System32\sechost.dll
0x00007ffd4abe0000 - 0x00007ffd4ad00000 	C:\WINDOWS\System32\RPCRT4.dll
0x00007ffd4a970000 - 0x00007ffd4ab1d000 	C:\WINDOWS\System32\USER32.dll
0x00007ffd483b0000 - 0x00007ffd483d6000 	C:\WINDOWS\System32\win32u.dll
0x00007ffd4ad50000 - 0x00007ffd4ad79000 	C:\WINDOWS\System32\GDI32.dll
0x00007ffd483e0000 - 0x00007ffd484f8000 	C:\WINDOWS\System32\gdi32full.dll
0x00007ffd48570000 - 0x00007ffd4860d000 	C:\WINDOWS\System32\msvcp_win.dll
0x00007ffd48a50000 - 0x00007ffd48b61000 	C:\WINDOWS\System32\ucrtbase.dll
0x00007ffd26e10000 - 0x00007ffd270b5000 	C:\WINDOWS\WinSxS\amd64_microsoft.windows.common-controls_6595b64144ccf1df_6.0.22000.120_none_9d947278b86cc467\COMCTL32.dll
0x00007ffd4ad10000 - 0x00007ffd4ad41000 	C:\WINDOWS\System32\IMM32.DLL
0x00007ffd455c0000 - 0x00007ffd455d5000 	C:\Program Files\Java\jdk1.8.0_301\jre\bin\vcruntime140.dll
0x00007ffcfe4d0000 - 0x00007ffcfe56b000 	C:\Program Files\Java\jdk1.8.0_301\jre\bin\msvcp140.dll
0x000000005f8b0000 - 0x0000000060110000 	C:\Program Files\Java\jdk1.8.0_301\jre\bin\server\jvm.dll
0x00007ffd4abb0000 - 0x00007ffd4abb8000 	C:\WINDOWS\System32\PSAPI.DLL
0x00007ffd42110000 - 0x00007ffd4211a000 	C:\WINDOWS\SYSTEM32\VERSION.dll
0x00007ffd43260000 - 0x00007ffd43269000 	C:\WINDOWS\SYSTEM32\WSOCK32.dll
0x00007ffd4a440000 - 0x00007ffd4a4af000 	C:\WINDOWS\System32\WS2_32.dll
0x00007ffd426e0000 - 0x00007ffd42713000 	C:\WINDOWS\SYSTEM32\WINMM.dll
0x00007ffd47430000 - 0x00007ffd47448000 	C:\WINDOWS\SYSTEM32\kernel.appcore.dll
0x00007ffd44be0000 - 0x00007ffd44bf0000 	C:\Program Files\Java\jdk1.8.0_301\jre\bin\verify.dll
0x00007ffd2e870000 - 0x00007ffd2e89b000 	C:\Program Files\Java\jdk1.8.0_301\jre\bin\java.dll
0x00007ffd42ce0000 - 0x00007ffd42cf8000 	C:\Program Files\Java\jdk1.8.0_301\jre\bin\zip.dll
0x00007ffd49390000 - 0x00007ffd49b55000 	C:\WINDOWS\System32\SHELL32.dll
0x00007ffd463a0000 - 0x00007ffd46c05000 	C:\WINDOWS\SYSTEM32\windows.storage.dll
0x00007ffd4a4b0000 - 0x00007ffd4a826000 	C:\WINDOWS\System32\combase.dll
0x00007ffd46230000 - 0x00007ffd46396000 	C:\WINDOWS\SYSTEM32\wintypes.dll
0x00007ffd48d60000 - 0x00007ffd48e4a000 	C:\WINDOWS\System32\SHCORE.dll
0x00007ffd49280000 - 0x00007ffd492dd000 	C:\WINDOWS\System32\shlwapi.dll
0x00007ffd482e0000 - 0x00007ffd48301000 	C:\WINDOWS\SYSTEM32\profapi.dll
0x00007ffd42d50000 - 0x00007ffd42d5a000 	C:\Program Files\NetBeans-12.0\netbeans\java\maven\lib\jansi-native\windows64\jansi.dll
0x00007ffd42300000 - 0x00007ffd4231c000 	C:\Program Files\Java\jdk1.8.0_301\jre\bin\net.dll
0x00007ffd479c0000 - 0x00007ffd47a27000 	C:\WINDOWS\system32\mswsock.dll
0x00007ffd30da0000 - 0x00007ffd30db3000 	C:\Program Files\Java\jdk1.8.0_301\jre\bin\nio.dll
0x00007ffd45e60000 - 0x00007ffd46081000 	C:\WINDOWS\SYSTEM32\dbghelp.dll
0x00007ffd48ce0000 - 0x00007ffd48d5f000 	C:\WINDOWS\System32\bcryptPrimitives.dll

VM Arguments:
jvm_args: -Dclassworlds.conf=C:\Program Files\NetBeans-12.0\netbeans\java\maven\bin\..\bin\m2.conf -Dmaven.home=C:\Program Files\NetBeans-12.0\netbeans\java\maven\bin\.. -Dlibrary.jansi.path=C:\Program Files\NetBeans-12.0\netbeans\java\maven\bin\..\lib\jansi-native -Dmaven.multiModuleProjectDirectory=C:\PROYECTOS DE PROGRAMACION\Argentina Programa\Proyecto Final\ProInt_Villavicencio\ProInt_Villavicencio\BACKEND 
java_command: org.codehaus.plexus.classworlds.launcher.Launcher -Dexec.args=-classpath %classpath com.portfolio.mgb.MgbApplication -Dexec.executable=C:\Program Files\Java\jdk1.8.0_301\bin\java.exe -Dexec.classpathScope=runtime -Dmaven.ext.class.path=C:\Program Files\NetBeans-12.0\netbeans\java\maven-nblib\netbeans-eventspy.jar -Dfile.encoding=UTF-8 org.codehaus.mojo:exec-maven-plugin:1.5.0:exec
java_class_path (initial): C:\Program Files\NetBeans-12.0\netbeans\java\maven\bin\..\boot\plexus-classworlds-2.6.0.jar
Launcher Type: SUN_STANDARD

Environment Variables:
JAVA_HOME=C:\Program Files\Java\jdk1.8.0_301
PATH=C:\WINDOWS\system32;%JAVA_HOME%\bin;C:\Program Files\Apache Software Foundation\Tomcat 10.0\bin;C:\WINDOWS\system32;C:\WINDOWS;C:\WINDOWS\System32\Wbem;C:\WINDOWS\System32\WindowsPowerShell\v1.0\;C:\Program Files\Git\cmd;C:\Program Files\dotnet\;C:\Program Files\nodejs;C:\Users\navil\AppData\Local\Programs\Python\Python39\Scripts\;C:\Users\navil\AppData\Local\Programs\Python\Python39\;C:\Users\navil\AppData\Local\Microsoft\WindowsApps;C:\Users\navil\AppData\Roaming\npm;C:\Program Files\Azure Data Studio\bin;C:\Users\navil\AppData\Local\GitHubDesktop\bin;C:\Users\navil\AppData\Local\Programs\Microsoft VS Code\bin;C:\Users\navil\.dotnet\tools
USERNAME=navil
OS=Windows_NT
PROCESSOR_IDENTIFIER=Intel64 Family 6 Model 142 Stepping 10, GenuineIntel



---------------  S Y S T E M  ---------------

OS: Windows 10.0 , 64 bit Build 22000 (10.0.22000.1516)

CPU:total 4 (initial active 4) (2 cores per cpu, 2 threads per core) family 6 model 142 stepping 10, cmov, cx8, fxsr, mmx, sse, sse2, sse3, ssse3, sse4.1, sse4.2, popcnt, avx, avx2, aes, clmul, erms, 3dnowpref, lzcnt, ht, tsc, tscinvbit, bmi1, bmi2, adx

Memory: 4k page, physical 12448676k(2004608k free), swap 12448676k(5484k free)

vm_info: Java HotSpot(TM) 64-Bit Server VM (25.301-b09) for windows-amd64 JRE (1.8.0_301-b09), built on Jun  9 2021 06:46:21 by "java_re" with MS VC++ 15.9 (VS2017)

time: Fri Mar 24 16:55:09 2023
timezone: Hora estándar de Argentina
elapsed time: 4.750793 seconds (0d 0h 0m 4s)

